{"logTime": "1006/124427", "correlationVector":"vpzqKHBxfqemcBHn9Ac98r.29","action":"GetUpdates", "result":"DeleteReceived", "context":{"id":"93d69a34-5f87-4135-949b-f820ceb45b20", "isDeleted:":"true", "version":"1696379676471"}}
{"logTime": "1006/124427", "correlationVector":"vpzqKHBxfqemcBHn9Ac98r.30","action":"GetUpdates", "result":"DeleteReceived", "context":{"id":"c06998c5-1ace-417b-a3e2-98580d565250", "isDeleted:":"true", "version":"1696380175627"}}
{"logTime": "1006/124427", "correlationVector":"vpzqKHBxfqemcBHn9Ac98r.31","action":"GetUpdates", "result":"DeleteReceived", "context":{"id":"44708160-5688-4c62-a2b9-80f3a44f510f", "isDeleted:":"true", "version":"1696380297089"}}
{"logTime": "1006/124427", "correlationVector":"vpzqKHBxfqemcBHn9Ac98r.32","action":"GetUpdates", "result":"DeleteReceived", "context":{"id":"29c8f177-f729-4128-8ff3-d8fec4454560", "isDeleted:":"true", "version":"1696380297090"}}
{"logTime": "1006/124427", "correlationVector":"vpzqKHBxfqemcBHn9Ac98r.33","action":"GetUpdates", "result":"DeleteReceived", "context":{"id":"6a649426-d2dc-4223-ba25-9af0c53911b1", "isDeleted:":"true", "version":"1696380338440"}}
{"logTime": "1006/124427", "correlationVector":"vpzqKHBxfqemcBHn9Ac98r.34","action":"GetUpdates", "result":"DeleteReceived", "context":{"id":"55775413-3130-4480-95f3-cbfac7afe28d", "isDeleted:":"true", "version":"1696380338442"}}
{"logTime": "1006/124427", "correlationVector":"vpzqKHBxfqemcBHn9Ac98r.35","action":"GetUpdates", "result":"DeleteReceived", "context":{"id":"fd5786f7-b65f-4526-9ef1-971c1865e414", "isDeleted:":"true", "version":"1696380338443"}}
{"logTime": "1006/124427", "correlationVector":"vpzqKHBxfqemcBHn9Ac98r.36","action":"GetUpdates", "result":"DeleteReceived", "context":{"id":"3765ea95-5314-4369-a7c4-5dac6bbfe9fe", "isDeleted:":"true", "version":"1696380454798"}}
{"logTime": "1006/124427", "correlationVector":"vpzqKHBxfqemcBHn9Ac98r.37","action":"GetUpdates", "result":"DeleteReceived", "context":{"id":"e8868919-9400-4441-81fd-be44c5ad9a2d", "isDeleted:":"true", "version":"1696380566690"}}
{"logTime": "1006/124427", "correlationVector":"vpzqKHBxfqemcBHn9Ac98r.38","action":"GetUpdates", "result":"DeleteReceived", "context":{"id":"9083fdfb-6ad4-42ce-8766-e3fad65af967", "isDeleted:":"true", "version":"1696381076599"}}
{"logTime": "1006/124427", "correlationVector":"vpzqKHBxfqemcBHn9Ac98r.39","action":"GetUpdates", "result":"DeleteReceived", "context":{"id":"07e88c24-6cea-4f05-aa6a-552c9d8199e8", "isDeleted:":"true", "version":"1696381076601"}}
{"logTime": "1006/124427", "correlationVector":"vpzqKHBxfqemcBHn9Ac98r.40","action":"GetUpdates", "result":"DeleteReceived", "context":{"id":"5054676a-d75e-4535-8166-401c33d6cae5", "isDeleted:":"true", "version":"1696381148934"}}
{"logTime": "1006/124427", "correlationVector":"vpzqKHBxfqemcBHn9Ac98r.41","action":"GetUpdates", "result":"DeleteReceived", "context":{"id":"920c464b-0653-44c1-8907-8a6a83146caf", "isDeleted:":"true", "version":"1696381148935"}}
{"logTime": "1006/124427", "correlationVector":"vpzqKHBxfqemcBHn9Ac98r.42","action":"GetUpdates", "result":"DeleteReceived", "context":{"id":"4354d2cb-5330-42fc-8220-27dc1a1d48c4", "isDeleted:":"true", "version":"1696381207466"}}
{"logTime": "1006/124427", "correlationVector":"vpzqKHBxfqemcBHn9Ac98r.43","action":"GetUpdates", "result":"DeleteReceived", "context":{"id":"abfbc5f2-3f80-476b-a9b3-0a685708b0b9", "isDeleted:":"true", "version":"1696384298855"}}
{"logTime": "1006/124427", "correlationVector":"vpzqKHBxfqemcBHn9Ac98r.44","action":"GetUpdates", "result":"DeleteReceived", "context":{"id":"c4d2db0c-9ec1-4490-aa99-dd180ff71e2c", "isDeleted:":"true", "version":"1696384386991"}}
{"logTime": "1006/124427", "correlationVector":"vpzqKHBxfqemcBHn9Ac98r.45","action":"GetUpdates", "result":"DeleteReceived", "context":{"id":"509b84f1-55a2-49cb-8727-262ba3423792", "isDeleted:":"true", "version":"1696384418876"}}
{"logTime": "1006/124427", "correlationVector":"vpzqKHBxfqemcBHn9Ac98r.46","action":"GetUpdates", "result":"DeleteReceived", "context":{"id":"30df7717-9d0f-4423-bdc4-77a04417d544", "isDeleted:":"true", "version":"1696384530746"}}
{"logTime": "1006/124427", "correlationVector":"vpzqKHBxfqemcBHn9Ac98r.47","action":"GetUpdates", "result":"DeleteReceived", "context":{"id":"caaa7664-c2d4-4817-be5e-3b83af083828", "isDeleted:":"true", "version":"1696384563332"}}
{"logTime": "1006/124427", "correlationVector":"vpzqKHBxfqemcBHn9Ac98r.48","action":"GetUpdates", "result":"DeleteReceived", "context":{"id":"77e74d8b-f07f-4c05-ba18-8defcdc06f9f", "isDeleted:":"true", "version":"1696384563333"}}
{"logTime": "1006/124427", "correlationVector":"vpzqKHBxfqemcBHn9Ac98r.49","action":"GetUpdates", "result":"DeleteReceived", "context":{"id":"b968b6c6-f96e-4c66-a454-b66994e88103", "isDeleted:":"true", "version":"1696384563334"}}
{"logTime": "1006/124427", "correlationVector":"vpzqKHBxfqemcBHn9Ac98r.50","action":"GetUpdates", "result":"DeleteReceived", "context":{"id":"9bb0e107-0bc1-4ba2-a3a9-96e99ed9c494", "isDeleted:":"true", "version":"1696384563335"}}
{"logTime": "1006/124427", "correlationVector":"vpzqKHBxfqemcBHn9Ac98r.51","action":"GetUpdates", "result":"DeleteReceived", "context":{"id":"57cfcf99-04d1-47d8-b0fa-bc6bf2899543", "isDeleted:":"true", "version":"1696384789471"}}
{"logTime": "1006/124427", "correlationVector":"vpzqKHBxfqemcBHn9Ac98r.52","action":"GetUpdates", "result":"DeleteReceived", "context":{"id":"d172d522-7bee-4298-b43b-13e32428b3de", "isDeleted:":"true", "version":"1696384789472"}}
{"logTime": "1006/124427", "correlationVector":"vpzqKHBxfqemcBHn9Ac98r.53","action":"GetUpdates", "result":"DeleteReceived", "context":{"id":"3b90f19f-b10a-4ccd-9633-ea4bcb75c63d", "isDeleted:":"true", "version":"1696384879802"}}
{"logTime": "1006/124427", "correlationVector":"vpzqKHBxfqemcBHn9Ac98r.54","action":"GetUpdates", "result":"DeleteReceived", "context":{"id":"837334a5-997d-4bd4-93e3-2be289421a66", "isDeleted:":"true", "version":"1696384879803"}}
{"logTime": "1006/124427", "correlationVector":"vpzqKHBxfqemcBHn9Ac98r.55","action":"GetUpdates", "result":"DeleteReceived", "context":{"id":"c41e5e6d-211b-4581-93f3-4958a39c0e9c", "isDeleted:":"true", "version":"1696385210295"}}
{"logTime": "1006/124427", "correlationVector":"vpzqKHBxfqemcBHn9Ac98r.56","action":"GetUpdates", "result":"DeleteReceived", "context":{"id":"08f527a4-b26e-4871-8b48-c4fd4bcd96e3", "isDeleted:":"true", "version":"1696386729859"}}
{"logTime": "1006/124427", "correlationVector":"vpzqKHBxfqemcBHn9Ac98r.57","action":"GetUpdates", "result":"DeleteReceived", "context":{"id":"2f492d31-2408-4845-a58b-02d8ac50020e", "isDeleted:":"true", "version":"1696386886256"}}
{"logTime": "1006/124427", "correlationVector":"vpzqKHBxfqemcBHn9Ac98r.58","action":"GetUpdates", "result":"DeleteReceived", "context":{"id":"3d885ea3-5e77-4936-94fa-5331ec9def0e", "isDeleted:":"true", "version":"1696387099461"}}
{"logTime": "1006/124427", "correlationVector":"vpzqKHBxfqemcBHn9Ac98r.59","action":"GetUpdates", "result":"DeleteReceived", "context":{"id":"52c078e8-c6c0-432e-86d0-61f00472dc4d", "isDeleted:":"true", "version":"1696387159096"}}
{"logTime": "1006/124427", "correlationVector":"vpzqKHBxfqemcBHn9Ac98r.60","action":"GetUpdates", "result":"DeleteReceived", "context":{"id":"a712786a-e551-4d76-8d07-c1b8773833e2", "isDeleted:":"true", "version":"1696388097904"}}
{"logTime": "1006/124427", "correlationVector":"vpzqKHBxfqemcBHn9Ac98r.61","action":"GetUpdates", "result":"DeleteReceived", "context":{"id":"1aa6cbd1-018b-4cc5-802c-afa3b536ab32", "isDeleted:":"true", "version":"1696388128754"}}
{"logTime": "1006/124427", "correlationVector":"vpzqKHBxfqemcBHn9Ac98r.62","action":"GetUpdates", "result":"DeleteReceived", "context":{"id":"9a546919-74a6-428f-b3eb-04095cf06f99", "isDeleted:":"true", "version":"1696388324440"}}
{"logTime": "1006/124427", "correlationVector":"vpzqKHBxfqemcBHn9Ac98r.63","action":"GetUpdates", "result":"DeleteReceived", "context":{"id":"b716f2e9-7a53-4281-97fb-acc412511196", "isDeleted:":"true", "version":"1696388400273"}}
{"logTime": "1006/124427", "correlationVector":"vpzqKHBxfqemcBHn9Ac98r.64","action":"GetUpdates", "result":"DeleteReceived", "context":{"id":"dee6e9df-6ed4-4977-a0fc-d6ab8a823d6e", "isDeleted:":"true", "version":"1696388696202"}}
{"logTime": "1006/124427", "correlationVector":"vpzqKHBxfqemcBHn9Ac98r.65","action":"GetUpdates", "result":"DeleteReceived", "context":{"id":"e4c579d3-928e-4f3a-ac12-6b69e57d0538", "isDeleted:":"true", "version":"1696388696203"}}
{"logTime": "1006/124427", "correlationVector":"vpzqKHBxfqemcBHn9Ac98r.66","action":"GetUpdates", "result":"DeleteReceived", "context":{"id":"1f13a56a-f683-47e8-993b-cd0d136afd9a", "isDeleted:":"true", "version":"1696388798747"}}
{"logTime": "1006/124427", "correlationVector":"vpzqKHBxfqemcBHn9Ac98r.67","action":"GetUpdates", "result":"DeleteReceived", "context":{"id":"682ac268-00b9-4310-96f6-534c01b993c4", "isDeleted:":"true", "version":"1696388839185"}}
{"logTime": "1006/124427", "correlationVector":"vpzqKHBxfqemcBHn9Ac98r.68","action":"GetUpdates", "result":"DeleteReceived", "context":{"id":"ffaa3a33-5f75-4a15-9f30-db9171792a07", "isDeleted:":"true", "version":"1696388839186"}}
{"logTime": "1006/124427", "correlationVector":"vpzqKHBxfqemcBHn9Ac98r.69","action":"GetUpdates", "result":"DeleteReceived", "context":{"id":"ece8c802-ba14-43fd-8959-12e0d9cb9732", "isDeleted:":"true", "version":"1696388939918"}}
{"logTime": "1006/124427", "correlationVector":"vpzqKHBxfqemcBHn9Ac98r.70","action":"GetUpdates", "result":"DeleteReceived", "context":{"id":"4a6f8105-d8b7-4f31-afa4-69ddaf843bce", "isDeleted:":"true", "version":"1696389045176"}}
{"logTime": "1006/124427", "correlationVector":"vpzqKHBxfqemcBHn9Ac98r.71","action":"GetUpdates", "result":"DeleteReceived", "context":{"id":"4ac8af15-8d8a-47d0-98ab-30ac7009703b", "isDeleted:":"true", "version":"1696389045177"}}
{"logTime": "1006/124427", "correlationVector":"vpzqKHBxfqemcBHn9Ac98r.72","action":"GetUpdates", "result":"DeleteReceived", "context":{"id":"4085e61c-90ad-446f-a2d7-97cb37d92d58", "isDeleted:":"true", "version":"1696390624399"}}
{"logTime": "1006/124427", "correlationVector":"vpzqKHBxfqemcBHn9Ac98r.73","action":"GetUpdates", "result":"DeleteReceived", "context":{"id":"ec893ed9-b263-457b-ad05-d713bd9415b7", "isDeleted:":"true", "version":"1696390624402"}}
{"logTime": "1006/124427", "correlationVector":"vpzqKHBxfqemcBHn9Ac98r.74","action":"GetUpdates", "result":"DeleteReceived", "context":{"id":"a9b200ed-b41c-4b1f-8d21-fae4c0964066", "isDeleted:":"true", "version":"1696390703515"}}
{"logTime": "1006/124427", "correlationVector":"vpzqKHBxfqemcBHn9Ac98r.75","action":"GetUpdates", "result":"DeleteReceived", "context":{"id":"5e9f4b78-3251-4beb-ad29-119743fb8b2f", "isDeleted:":"true", "version":"1696391788695"}}
{"logTime": "1006/124427", "correlationVector":"vpzqKHBxfqemcBHn9Ac98r.76","action":"GetUpdates", "result":"DeleteReceived", "context":{"id":"592d603e-25c4-4198-8bbc-030a7c6eb480", "isDeleted:":"true", "version":"1696392051370"}}
{"logTime": "1006/124427", "correlationVector":"vpzqKHBxfqemcBHn9Ac98r.77","action":"GetUpdates", "result":"DeleteReceived", "context":{"id":"35ceb5e7-7df8-4f13-a658-d40a3b369447", "isDeleted:":"true", "version":"1696393253198"}}
{"logTime": "1006/124427", "correlationVector":"vpzqKHBxfqemcBHn9Ac98r.78","action":"GetUpdates", "result":"DeleteReceived", "context":{"id":"63511e36-625a-4ec1-9a05-208a5e0f489e", "isDeleted:":"true", "version":"1696398256103"}}
{"logTime": "1006/124427", "correlationVector":"vpzqKHBxfqemcBHn9Ac98r.79","action":"GetUpdates", "result":"DeleteReceived", "context":{"id":"44dd7779-9ac7-41ee-a8b9-49f3dede179f", "isDeleted:":"true", "version":"1696398256104"}}
{"logTime": "1006/124427", "correlationVector":"vpzqKHBxfqemcBHn9Ac98r.80","action":"GetUpdates", "result":"DeleteReceived", "context":{"id":"c115bb76-02ce-46ea-b4a0-ae0067238de7", "isDeleted:":"true", "version":"1696398317680"}}
{"logTime": "1006/124427", "correlationVector":"vpzqKHBxfqemcBHn9Ac98r.81","action":"GetUpdates", "result":"DeleteReceived", "context":{"id":"77e0a1d2-d800-4b8a-8a15-5c489cd64e0a", "isDeleted:":"true", "version":"1696398317681"}}
{"logTime": "1006/124427", "correlationVector":"vpzqKHBxfqemcBHn9Ac98r.82","action":"GetUpdates", "result":"DeleteReceived", "context":{"id":"7a89c519-55e9-4304-8dc9-c82ad653fc5f", "isDeleted:":"true", "version":"1696398375502"}}
{"logTime": "1006/124427", "correlationVector":"vpzqKHBxfqemcBHn9Ac98r.83","action":"GetUpdates", "result":"DeleteReceived", "context":{"id":"f750e5ac-e1ab-4c9d-ba12-e4843c1f2a7e", "isDeleted:":"true", "version":"1696398408257"}}
{"logTime": "1006/124427", "correlationVector":"vpzqKHBxfqemcBHn9Ac98r.84","action":"GetUpdates", "result":"DeleteReceived", "context":{"id":"7299b2c7-03e7-4234-bf21-1b21c7aa28a1", "isDeleted:":"true", "version":"1696398565462"}}
{"logTime": "1006/124427", "correlationVector":"vpzqKHBxfqemcBHn9Ac98r.85","action":"GetUpdates", "result":"DeleteReceived", "context":{"id":"0936be96-6f4f-4f50-bd3e-9cd898f03256", "isDeleted:":"true", "version":"1696398783480"}}
{"logTime": "1006/124427", "correlationVector":"vpzqKHBxfqemcBHn9Ac98r.86","action":"GetUpdates", "result":"DeleteReceived", "context":{"id":"661bdc36-713e-4746-8663-d3fd2d80346d", "isDeleted:":"true", "version":"1696398783481"}}
{"logTime": "1006/124427", "correlationVector":"vpzqKHBxfqemcBHn9Ac98r.87","action":"GetUpdates", "result":"DeleteReceived", "context":{"id":"2a0ef521-5e35-4380-80a9-1593105ce400", "isDeleted:":"true", "version":"1696398783483"}}
{"logTime": "1006/124427", "correlationVector":"vpzqKHBxfqemcBHn9Ac98r.88","action":"GetUpdates", "result":"DeleteReceived", "context":{"id":"32cac06c-fc75-48b4-9b1b-50628a31ede9", "isDeleted:":"true", "version":"1696398783484"}}
{"logTime": "1006/124427", "correlationVector":"vpzqKHBxfqemcBHn9Ac98r.89","action":"GetUpdates", "result":"DeleteReceived", "context":{"id":"cd4f7e54-4e02-45fc-adf1-563c8446fdbe", "isDeleted:":"true", "version":"1696398783485"}}
{"logTime": "1006/124427", "correlationVector":"vpzqKHBxfqemcBHn9Ac98r.90","action":"GetUpdates", "result":"DeleteReceived", "context":{"id":"4bb34fe9-4f20-4b45-a9bf-ff4d139be3f0", "isDeleted:":"true", "version":"1696399259297"}}
{"logTime": "1006/124427", "correlationVector":"vpzqKHBxfqemcBHn9Ac98r.91","action":"GetUpdates", "result":"DeleteReceived", "context":{"id":"61972dc4-0f88-4aa7-a609-0d122ca49291", "isDeleted:":"true", "version":"1696399439680"}}
{"logTime": "1006/124427", "correlationVector":"vpzqKHBxfqemcBHn9Ac98r.92","action":"GetUpdates", "result":"DeleteReceived", "context":{"id":"3bde09a2-76cd-435b-b7a2-6389817fdd61", "isDeleted:":"true", "version":"1696399439681"}}
{"logTime": "1006/124427", "correlationVector":"vpzqKHBxfqemcBHn9Ac98r.93","action":"GetUpdates", "result":"DeleteReceived", "context":{"id":"b5a836f5-391b-4eb9-9970-cf6065229092", "isDeleted:":"true", "version":"1696403748094"}}
{"logTime": "1006/124427", "correlationVector":"vpzqKHBxfqemcBHn9Ac98r.94","action":"GetUpdates", "result":"DeleteReceived", "context":{"id":"2c786cbc-32e2-4b19-9671-b3deebe4c8ed", "isDeleted:":"true", "version":"1696403748096"}}
{"logTime": "1006/124427", "correlationVector":"vpzqKHBxfqemcBHn9Ac98r.95","action":"GetUpdates", "result":"DeleteReceived", "context":{"id":"d9a93af7-f093-42d1-8c70-5d1013bea511", "isDeleted:":"true", "version":"1696403748098"}}
{"logTime": "1006/124427", "correlationVector":"vpzqKHBxfqemcBHn9Ac98r.96","action":"GetUpdates", "result":"DeleteReceived", "context":{"id":"727c2201-5aef-4482-b79b-015330e6aa66", "isDeleted:":"true", "version":"1696403797355"}}
{"logTime": "1006/124427", "correlationVector":"vpzqKHBxfqemcBHn9Ac98r.97","action":"GetUpdates", "result":"DeleteReceived", "context":{"id":"a833d286-ff29-457a-890d-cfc648d637b8", "isDeleted:":"true", "version":"1696403834531"}}
{"logTime": "1006/124427", "correlationVector":"vpzqKHBxfqemcBHn9Ac98r.98","action":"GetUpdates", "result":"DeleteReceived", "context":{"id":"a97a31a9-817a-4b14-9c5b-c1c1d0bc627f", "isDeleted:":"true", "version":"1696404145456"}}
{"logTime": "1006/124427", "correlationVector":"vpzqKHBxfqemcBHn9Ac98r.99","action":"GetUpdates", "result":"DeleteReceived", "context":{"id":"0b99f201-f871-4c27-af86-7512a6c24e09", "isDeleted:":"true", "version":"1696404145457"}}
{"logTime": "1006/124427", "correlationVector":"vpzqKHBxfqemcBHn9Ac98r.100","action":"GetUpdates", "result":"DeleteReceived", "context":{"id":"a460e90a-d49a-4951-b211-7de492812a88", "isDeleted:":"true", "version":"1696404145459"}}
{"logTime": "1006/124427", "correlationVector":"vpzqKHBxfqemcBHn9Ac98r.101","action":"GetUpdates", "result":"DeleteReceived", "context":{"id":"c7a7319f-a79f-48b5-bba0-70abb419cad6", "isDeleted:":"true", "version":"1696405041113"}}
{"logTime": "1006/124427", "correlationVector":"vpzqKHBxfqemcBHn9Ac98r.102","action":"GetUpdates", "result":"DeleteReceived", "context":{"id":"7a5e4996-404a-445f-afa0-9f6bb7c5f5c2", "isDeleted:":"true", "version":"1696405076221"}}
{"logTime": "1006/124427", "correlationVector":"vpzqKHBxfqemcBHn9Ac98r.103","action":"GetUpdates", "result":"DeleteReceived", "context":{"id":"d540b181-8061-4099-9fc1-4d15e80fb481", "isDeleted:":"true", "version":"1696405290304"}}
{"logTime": "1006/124427", "correlationVector":"vpzqKHBxfqemcBHn9Ac98r.104","action":"GetUpdates", "result":"DeleteReceived", "context":{"id":"38a3d540-4c53-4ba9-b021-91adb8a633eb", "isDeleted:":"true", "version":"1696406022497"}}
{"logTime": "1006/124427", "correlationVector":"vpzqKHBxfqemcBHn9Ac98r.105","action":"GetUpdates", "result":"DeleteReceived", "context":{"id":"7a115ada-b11b-401b-97a6-cbb879708669", "isDeleted:":"true", "version":"1696406343811"}}
{"logTime": "1006/124427", "correlationVector":"vpzqKHBxfqemcBHn9Ac98r.106","action":"GetUpdates", "result":"DeleteReceived", "context":{"id":"3a21550b-b824-4d1b-9488-54c27e09ced0", "isDeleted:":"true", "version":"1696406962357"}}
{"logTime": "1006/124427", "correlationVector":"vpzqKHBxfqemcBHn9Ac98r.107","action":"GetUpdates", "result":"DeleteReceived", "context":{"id":"56a7fd52-2610-4bb8-9ad4-a1f8235c27ee", "isDeleted:":"true", "version":"1696406962359"}}
{"logTime": "1006/124427", "correlationVector":"vpzqKHBxfqemcBHn9Ac98r.108","action":"GetUpdates", "result":"DeleteReceived", "context":{"id":"98e371c4-5fff-485f-b7eb-617517f9cdc9", "isDeleted:":"true", "version":"1696406962360"}}
{"logTime": "1006/124427", "correlationVector":"vpzqKHBxfqemcBHn9Ac98r.109","action":"GetUpdates", "result":"DeleteReceived", "context":{"id":"759d0509-dbfa-40f1-9bfa-c514da3d499e", "isDeleted:":"true", "version":"1696407052489"}}
{"logTime": "1006/124427", "correlationVector":"vpzqKHBxfqemcBHn9Ac98r.110","action":"GetUpdates", "result":"DeleteReceived", "context":{"id":"b04e1f58-5584-4c1d-9450-a70d823b894f", "isDeleted:":"true", "version":"1696407052490"}}
{"logTime": "1006/124427", "correlationVector":"vpzqKHBxfqemcBHn9Ac98r.111","action":"GetUpdates", "result":"DeleteReceived", "context":{"id":"e2d198e5-1bb7-4fc5-8e29-6517cdb345a9", "isDeleted:":"true", "version":"1696407052492"}}
{"logTime": "1006/124427", "correlationVector":"vpzqKHBxfqemcBHn9Ac98r.112","action":"GetUpdates", "result":"DeleteReceived", "context":{"id":"055ff5d2-2b54-4b46-bcd0-d53269df4f7c", "isDeleted:":"true", "version":"1696407052494"}}
{"logTime": "1006/124427", "correlationVector":"vpzqKHBxfqemcBHn9Ac98r.113","action":"GetUpdates", "result":"DeleteReceived", "context":{"id":"ce2e3276-6565-476b-9fea-2c849ce93eef", "isDeleted:":"true", "version":"1696407245520"}}
{"logTime": "1006/124427", "correlationVector":"vpzqKHBxfqemcBHn9Ac98r.114","action":"GetUpdates", "result":"DeleteReceived", "context":{"id":"d096fc19-7087-4c55-a62c-fee622100fb9", "isDeleted:":"true", "version":"1696407245523"}}
{"logTime": "1006/124427", "correlationVector":"vpzqKHBxfqemcBHn9Ac98r.115","action":"GetUpdates", "result":"DeleteReceived", "context":{"id":"f7ed13f5-ee87-43eb-baec-60acb2d72d00", "isDeleted:":"true", "version":"1696409783971"}}
{"logTime": "1006/124427", "correlationVector":"vpzqKHBxfqemcBHn9Ac98r.116","action":"GetUpdates", "result":"DeleteReceived", "context":{"id":"69a4ee3b-6773-460b-b98a-8981bf3f6aa9", "isDeleted:":"true", "version":"1696410259649"}}
{"logTime": "1006/124427", "correlationVector":"vpzqKHBxfqemcBHn9Ac98r.117","action":"GetUpdates", "result":"DeleteReceived", "context":{"id":"5d7dd6ba-3ead-490f-afea-6a8ee34f706a", "isDeleted:":"true", "version":"1696410343722"}}
{"logTime": "1006/124427", "correlationVector":"vpzqKHBxfqemcBHn9Ac98r.118","action":"GetUpdates", "result":"DeleteReceived", "context":{"id":"14cc58e9-32a0-4c06-abc7-5bbfcfc91869", "isDeleted:":"true", "version":"1696410489715"}}
{"logTime": "1006/124427", "correlationVector":"vpzqKHBxfqemcBHn9Ac98r.119","action":"GetUpdates", "result":"DeleteReceived", "context":{"id":"9fc837c6-d306-42c1-8111-f937a871d18f", "isDeleted:":"true", "version":"1696410489717"}}
{"logTime": "1006/124427", "correlationVector":"vpzqKHBxfqemcBHn9Ac98r.120","action":"GetUpdates", "result":"DeleteReceived", "context":{"id":"b8976041-96ff-401b-a63c-9164047fe3a6", "isDeleted:":"true", "version":"1696422870965"}}
{"logTime": "1006/124427", "correlationVector":"vpzqKHBxfqemcBHn9Ac98r.121","action":"GetUpdates", "result":"DeleteReceived", "context":{"id":"f1eba1e1-07ba-4454-b36b-0a16af33364f", "isDeleted:":"true", "version":"1696422870966"}}
{"logTime": "1006/124427", "correlationVector":"vpzqKHBxfqemcBHn9Ac98r.122","action":"GetUpdates", "result":"DeleteReceived", "context":{"id":"18d95865-cc01-49e8-a469-4389a8cd8997", "isDeleted:":"true", "version":"1696422870967"}}
{"logTime": "1006/124427", "correlationVector":"vpzqKHBxfqemcBHn9Ac98r.123","action":"GetUpdates", "result":"DeleteReceived", "context":{"id":"89385e85-128d-4360-8c89-3d11e4fd5883", "isDeleted:":"true", "version":"1696422870968"}}
{"logTime": "1006/124427", "correlationVector":"vpzqKHBxfqemcBHn9Ac98r.124","action":"GetUpdates", "result":"DeleteReceived", "context":{"id":"82c3faff-11e8-415b-8e10-c75e0ad4a741", "isDeleted:":"true", "version":"1696422870969"}}
{"logTime": "1006/124427", "correlationVector":"vpzqKHBxfqemcBHn9Ac98r.125","action":"GetUpdates", "result":"DeleteReceived", "context":{"id":"11ba313d-05dc-46ed-9b90-6cbdd6f3015e", "isDeleted:":"true", "version":"1696422870970"}}
{"logTime": "1006/124427", "correlationVector":"vpzqKHBxfqemcBHn9Ac98r.126","action":"GetUpdates", "result":"DeleteReceived", "context":{"id":"942ae0a8-3eb8-463d-a439-c36d0afdfbc5", "isDeleted:":"true", "version":"1696422870971"}}
{"logTime": "1006/124427", "correlationVector":"vpzqKHBxfqemcBHn9Ac98r.127","action":"GetUpdates", "result":"DeleteReceived", "context":{"id":"48718dc3-474e-45ba-b75b-d89cc486273a", "isDeleted:":"true", "version":"1696422870973"}}
{"logTime": "1006/124427", "correlationVector":"vpzqKHBxfqemcBHn9Ac98r.128","action":"GetUpdates", "result":"DeleteReceived", "context":{"id":"98b1d6fe-c455-457f-8469-55f70504bb38", "isDeleted:":"true", "version":"1696423238853"}}
{"logTime": "1006/124427", "correlationVector":"vpzqKHBxfqemcBHn9Ac98r.129","action":"GetUpdates", "result":"DeleteReceived", "context":{"id":"684a192a-fe86-4fcd-b7a6-b602fa70881f", "isDeleted:":"true", "version":"1696423269938"}}
{"logTime": "1006/124427", "correlationVector":"vpzqKHBxfqemcBHn9Ac98r.130","action":"GetUpdates", "result":"DeleteReceived", "context":{"id":"b9fa80ac-b536-4cb1-9eca-4c1456f35ed7", "isDeleted:":"true", "version":"1696423318974"}}
{"logTime": "1006/124427", "correlationVector":"vpzqKHBxfqemcBHn9Ac98r.131","action":"GetUpdates", "result":"DeleteReceived", "context":{"id":"c5618368-6e29-4351-8968-d42315dea644", "isDeleted:":"true", "version":"1696423901262"}}
{"logTime": "1006/124427", "correlationVector":"vpzqKHBxfqemcBHn9Ac98r.132","action":"GetUpdates", "result":"DeleteReceived", "context":{"id":"eca7d438-af89-4088-99c4-edd5e63a6c8b", "isDeleted:":"true", "version":"1696424693449"}}
{"logTime": "1006/124427", "correlationVector":"vpzqKHBxfqemcBHn9Ac98r.133","action":"GetUpdates", "result":"DeleteReceived", "context":{"id":"32c77ae5-33df-408d-9d61-42d8dc68b3b7", "isDeleted:":"true", "version":"1696424693451"}}
{"logTime": "1006/124427", "correlationVector":"vpzqKHBxfqemcBHn9Ac98r.134","action":"GetUpdates", "result":"DeleteReceived", "context":{"id":"13858d89-1a45-4934-b842-1c017a4e3007", "isDeleted:":"true", "version":"1696424981694"}}
{"logTime": "1006/124427", "correlationVector":"vpzqKHBxfqemcBHn9Ac98r.135","action":"GetUpdates", "result":"DeleteReceived", "context":{"id":"7eb5e037-9fbd-48c2-ab91-ac8091961517", "isDeleted:":"true", "version":"1696427147014"}}
{"logTime": "1006/124427", "correlationVector":"vpzqKHBxfqemcBHn9Ac98r.136","action":"GetUpdates", "result":"DeleteReceived", "context":{"id":"c83f1dae-8057-4a32-b502-eec04919488a", "isDeleted:":"true", "version":"1696428758855"}}
{"logTime": "1006/124427", "correlationVector":"vpzqKHBxfqemcBHn9Ac98r.137","action":"GetUpdates", "result":"DeleteReceived", "context":{"id":"49813df2-9728-46f6-9e76-e281987ed033", "isDeleted:":"true", "version":"1696429688349"}}
{"logTime": "1006/124427", "correlationVector":"vpzqKHBxfqemcBHn9Ac98r.138","action":"GetUpdates", "result":"DeleteReceived", "context":{"id":"bb7b72bf-155e-4402-9060-94568a9d60ac", "isDeleted:":"true", "version":"1696429749322"}}
{"logTime": "1006/124427", "correlationVector":"vpzqKHBxfqemcBHn9Ac98r.139","action":"GetUpdates", "result":"DeleteReceived", "context":{"id":"e6351cb5-ea1a-4767-95b4-9e629eccbe02", "isDeleted:":"true", "version":"1696429824875"}}
{"logTime": "1006/124427", "correlationVector":"vpzqKHBxfqemcBHn9Ac98r.140","action":"GetUpdates", "result":"DeleteReceived", "context":{"id":"97334c8c-e074-4164-b033-07f85d0fdb03", "isDeleted:":"true", "version":"1696462533780"}}
{"logTime": "1006/124427", "correlationVector":"vpzqKHBxfqemcBHn9Ac98r.141","action":"GetUpdates", "result":"DeleteReceived", "context":{"id":"1fa80889-9537-4195-bdf7-cc814878567b", "isDeleted:":"true", "version":"1696463841212"}}
{"logTime": "1006/124427", "correlationVector":"vpzqKHBxfqemcBHn9Ac98r.142","action":"GetUpdates", "result":"DeleteReceived", "context":{"id":"f7feeb05-cbe3-4cb9-8480-73e21786158a", "isDeleted:":"true", "version":"1696463871511"}}
{"logTime": "1006/124427", "correlationVector":"vpzqKHBxfqemcBHn9Ac98r.143","action":"GetUpdates", "result":"DeleteReceived", "context":{"id":"1517c6fe-fe6c-478f-8607-511c8b80e5dd", "isDeleted:":"true", "version":"1696463946357"}}
{"logTime": "1006/124427", "correlationVector":"vpzqKHBxfqemcBHn9Ac98r.144","action":"GetUpdates", "result":"DeleteReceived", "context":{"id":"b9323f67-64aa-4f2a-a1cc-c11127b008ff", "isDeleted:":"true", "version":"1696464073619"}}
{"logTime": "1006/124427", "correlationVector":"vpzqKHBxfqemcBHn9Ac98r.145","action":"GetUpdates", "result":"DeleteReceived", "context":{"id":"574351ec-c28b-4e23-9ced-45c0128676ed", "isDeleted:":"true", "version":"1696465080307"}}
{"logTime": "1006/124427", "correlationVector":"vpzqKHBxfqemcBHn9Ac98r.146","action":"GetUpdates", "result":"DeleteReceived", "context":{"id":"f45ad7b9-918e-4cb4-999d-99b93249a200", "isDeleted:":"true", "version":"1696465122908"}}
{"logTime": "1006/124427", "correlationVector":"vpzqKHBxfqemcBHn9Ac98r.147","action":"GetUpdates", "result":"DeleteReceived", "context":{"id":"53b70c06-2fa1-4a91-96c9-d8c5e9e91d12", "isDeleted:":"true", "version":"1696465122909"}}
{"logTime": "1006/124427", "correlationVector":"vpzqKHBxfqemcBHn9Ac98r.148","action":"GetUpdates", "result":"DeleteReceived", "context":{"id":"6ce2926c-811a-443d-b5cb-3c8ee112e9ab", "isDeleted:":"true", "version":"1696465122910"}}
{"logTime": "1006/124427", "correlationVector":"vpzqKHBxfqemcBHn9Ac98r.149","action":"GetUpdates", "result":"DeleteReceived", "context":{"id":"1d142074-b20d-496d-be38-04183fa01c83", "isDeleted:":"true", "version":"1696465309321"}}
{"logTime": "1006/124427", "correlationVector":"vpzqKHBxfqemcBHn9Ac98r.150","action":"GetUpdates", "result":"DeleteReceived", "context":{"id":"abfcfb77-1459-421d-a298-3347b8f17b14", "isDeleted:":"true", "version":"1696466337567"}}
{"logTime": "1006/124427", "correlationVector":"vpzqKHBxfqemcBHn9Ac98r.151","action":"GetUpdates", "result":"DeleteReceived", "context":{"id":"e58e9b21-356e-48bf-9b4f-e4c3543f1c21", "isDeleted:":"true", "version":"1696466337568"}}
{"logTime": "1006/124427", "correlationVector":"vpzqKHBxfqemcBHn9Ac98r.152","action":"GetUpdates", "result":"DeleteReceived", "context":{"id":"01874c3f-6a9a-4ed2-957d-37bbf294913b", "isDeleted:":"true", "version":"1696466337570"}}
{"logTime": "1006/124427", "correlationVector":"vpzqKHBxfqemcBHn9Ac98r.153","action":"GetUpdates", "result":"DeleteReceived", "context":{"id":"89a28296-84ab-4851-b33c-0f92cf3ba372", "isDeleted:":"true", "version":"1696466499037"}}
{"logTime": "1006/124427", "correlationVector":"vpzqKHBxfqemcBHn9Ac98r.154","action":"GetUpdates", "result":"DeleteReceived", "context":{"id":"83bae8da-a55c-4fe6-afb7-ea925a74cfc5", "isDeleted:":"true", "version":"1696467399766"}}
{"logTime": "1006/124427", "correlationVector":"vpzqKHBxfqemcBHn9Ac98r.155","action":"GetUpdates", "result":"DeleteReceived", "context":{"id":"df63c576-a045-4dc7-9be1-02e5cf519f54", "isDeleted:":"true", "version":"1696471285539"}}
{"logTime": "1006/124427", "correlationVector":"vpzqKHBxfqemcBHn9Ac98r.156","action":"GetUpdates", "result":"DeleteReceived", "context":{"id":"7d358826-beb6-4941-b142-e1b32b36e898", "isDeleted:":"true", "version":"1696471285540"}}
{"logTime": "1006/124427", "correlationVector":"vpzqKHBxfqemcBHn9Ac98r.157","action":"GetUpdates", "result":"DeleteReceived", "context":{"id":"11368645-81c0-4dca-a15e-97c70c1257cb", "isDeleted:":"true", "version":"1696471285541"}}
{"logTime": "1006/124427", "correlationVector":"vpzqKHBxfqemcBHn9Ac98r.158","action":"GetUpdates", "result":"DeleteReceived", "context":{"id":"d485e4b4-7af1-4768-82f0-7ea52a6c692d", "isDeleted:":"true", "version":"1696471285543"}}
{"logTime": "1006/124427", "correlationVector":"vpzqKHBxfqemcBHn9Ac98r.159","action":"GetUpdates", "result":"DeleteReceived", "context":{"id":"a3980fe6-4f8a-4c14-af34-4afba1f413e9", "isDeleted:":"true", "version":"1696472476734"}}
{"logTime": "1006/124427", "correlationVector":"vpzqKHBxfqemcBHn9Ac98r.160","action":"GetUpdates", "result":"DeleteReceived", "context":{"id":"82575ddf-74b6-49e6-b006-308be81af36f", "isDeleted:":"true", "version":"1696473528032"}}
{"logTime": "1006/124427", "correlationVector":"vpzqKHBxfqemcBHn9Ac98r.161","action":"GetUpdates", "result":"DeleteReceived", "context":{"id":"69e52e98-fcf6-4223-870d-488baddc6363", "isDeleted:":"true", "version":"1696473777398"}}
{"logTime": "1006/124427", "correlationVector":"vpzqKHBxfqemcBHn9Ac98r.162","action":"GetUpdates", "result":"DeleteReceived", "context":{"id":"7b0f0d88-ac02-4a63-852e-f3ab62212067", "isDeleted:":"true", "version":"1696475230637"}}
{"logTime": "1006/124427", "correlationVector":"vpzqKHBxfqemcBHn9Ac98r.163","action":"GetUpdates", "result":"DeleteReceived", "context":{"id":"465e7ad7-4b35-4b7c-b886-95732429331f", "isDeleted:":"true", "version":"1696475437447"}}
{"logTime": "1006/124427", "correlationVector":"vpzqKHBxfqemcBHn9Ac98r.164","action":"GetUpdates", "result":"DeleteReceived", "context":{"id":"effbcea2-ee2c-4d7f-b31d-c0c9d798160f", "isDeleted:":"true", "version":"1696475583823"}}
{"logTime": "1006/124427", "correlationVector":"vpzqKHBxfqemcBHn9Ac98r.165","action":"GetUpdates", "result":"DeleteReceived", "context":{"id":"aa639dca-ed37-4c44-9b94-4bb3933a8ccf", "isDeleted:":"true", "version":"1696475743647"}}
{"logTime": "1006/124427", "correlationVector":"vpzqKHBxfqemcBHn9Ac98r.166","action":"GetUpdates", "result":"DeleteReceived", "context":{"id":"889fabda-db92-47e6-bc96-971f80db2d8a", "isDeleted:":"true", "version":"1696475821922"}}
{"logTime": "1006/124427", "correlationVector":"vpzqKHBxfqemcBHn9Ac98r.167","action":"GetUpdates", "result":"DeleteReceived", "context":{"id":"c2b6bf29-4e51-41a5-8cc9-6502414b9391", "isDeleted:":"true", "version":"1696475821923"}}
{"logTime": "1006/124427", "correlationVector":"vpzqKHBxfqemcBHn9Ac98r.168","action":"GetUpdates", "result":"DeleteReceived", "context":{"id":"5468c9f9-5617-4381-a63c-c7bcebb667f5", "isDeleted:":"true", "version":"1696475821925"}}
{"logTime": "1006/124427", "correlationVector":"vpzqKHBxfqemcBHn9Ac98r.169","action":"GetUpdates", "result":"DeleteReceived", "context":{"id":"75855ef4-9208-4833-ae52-4a21c4237c9d", "isDeleted:":"true", "version":"1696476377869"}}
{"logTime": "1006/124427", "correlationVector":"vpzqKHBxfqemcBHn9Ac98r.170","action":"GetUpdates", "result":"DeleteReceived", "context":{"id":"c721e619-f365-44fe-937e-ccf6e5b5ee2f", "isDeleted:":"true", "version":"1696477250571"}}
{"logTime": "1006/124427", "correlationVector":"vpzqKHBxfqemcBHn9Ac98r.171","action":"GetUpdates", "result":"DeleteReceived", "context":{"id":"5a28299d-1003-4f06-b301-f92310bd7886", "isDeleted:":"true", "version":"1696477250573"}}
{"logTime": "1006/124427", "correlationVector":"vpzqKHBxfqemcBHn9Ac98r.172","action":"GetUpdates", "result":"DeleteReceived", "context":{"id":"47a3e6e5-7da4-45c5-bbbf-ab174336c364", "isDeleted:":"true", "version":"1696482647626"}}
{"logTime": "1006/124427", "correlationVector":"vpzqKHBxfqemcBHn9Ac98r.173","action":"GetUpdates", "result":"DeleteReceived", "context":{"id":"93bb7096-b6f3-44f5-82f3-0230a3dd4b55", "isDeleted:":"true", "version":"1696483429752"}}
{"logTime": "1006/124427", "correlationVector":"vpzqKHBxfqemcBHn9Ac98r.174","action":"GetUpdates", "result":"DeleteReceived", "context":{"id":"31e47e0f-5cee-4047-8e90-bcc3d44b2421", "isDeleted:":"true", "version":"1696484153453"}}
{"logTime": "1006/124427", "correlationVector":"vpzqKHBxfqemcBHn9Ac98r.175","action":"GetUpdates", "result":"DeleteReceived", "context":{"id":"fdb59abf-8ab6-4944-946c-92d9e724fee7", "isDeleted:":"true", "version":"1696484642250"}}
{"logTime": "1006/124427", "correlationVector":"vpzqKHBxfqemcBHn9Ac98r.176","action":"GetUpdates", "result":"DeleteReceived", "context":{"id":"d1fe5cec-7665-474b-9681-b573900b015a", "isDeleted:":"true", "version":"1696485046193"}}
{"logTime": "1006/124427", "correlationVector":"vpzqKHBxfqemcBHn9Ac98r.177","action":"GetUpdates", "result":"DeleteReceived", "context":{"id":"8ab1ef72-fcef-4f36-af42-1b6d0462704d", "isDeleted:":"true", "version":"1696485082853"}}
{"logTime": "1006/124427", "correlationVector":"vpzqKHBxfqemcBHn9Ac98r.178","action":"GetUpdates", "result":"DeleteReceived", "context":{"id":"9f455a48-c73e-491d-bbf2-49a71a2b2ba6", "isDeleted:":"true", "version":"1696509197712"}}
{"logTime": "1006/124427", "correlationVector":"vpzqKHBxfqemcBHn9Ac98r.179","action":"GetUpdates", "result":"DeleteReceived", "context":{"id":"fb2aa624-ab38-4c31-8755-dd790c45a955", "isDeleted:":"true", "version":"1696509197713"}}
{"logTime": "1006/124427", "correlationVector":"vpzqKHBxfqemcBHn9Ac98r.180","action":"GetUpdates", "result":"DeleteReceived", "context":{"id":"d80c9228-f419-4b72-a4af-e31f954968dd", "isDeleted:":"true", "version":"1696509197714"}}
{"logTime": "1006/124427", "correlationVector":"vpzqKHBxfqemcBHn9Ac98r.181","action":"GetUpdates", "result":"DeleteReceived", "context":{"id":"60704b87-a119-4085-a14e-ef051da6fee5", "isDeleted:":"true", "version":"1696509197716"}}
{"logTime": "1006/124427", "correlationVector":"vpzqKHBxfqemcBHn9Ac98r.182","action":"GetUpdates", "result":"DeleteReceived", "context":{"id":"3232c022-17ea-4d52-b3d3-33eb45440179", "isDeleted:":"true", "version":"1696509430548"}}
{"logTime": "1006/124427", "correlationVector":"vpzqKHBxfqemcBHn9Ac98r.183","action":"GetUpdates", "result":"DeleteReceived", "context":{"id":"7f91dda1-1129-4930-81b6-ec37de1e0988", "isDeleted:":"true", "version":"1696510623695"}}
{"logTime": "1006/124427", "correlationVector":"vpzqKHBxfqemcBHn9Ac98r.184","action":"GetUpdates", "result":"DeleteReceived", "context":{"id":"6a1d433d-6aec-4165-9e4f-323f08b3ae32", "isDeleted:":"true", "version":"1696511625407"}}
{"logTime": "1006/124427", "correlationVector":"vpzqKHBxfqemcBHn9Ac98r.185","action":"GetUpdates", "result":"DeleteReceived", "context":{"id":"895786e5-5133-47aa-881d-8595efa955ac", "isDeleted:":"true", "version":"1696511759049"}}
{"logTime": "1006/124427", "correlationVector":"vpzqKHBxfqemcBHn9Ac98r.186","action":"GetUpdates", "result":"DeleteReceived", "context":{"id":"9cadae2a-896f-42fe-8cbf-a6d3a8f2442f", "isDeleted:":"true", "version":"1696511962083"}}
{"logTime": "1006/124427", "correlationVector":"vpzqKHBxfqemcBHn9Ac98r.187","action":"GetUpdates", "result":"DeleteReceived", "context":{"id":"374fd13f-f89d-4e88-a7bc-160f1fe58d19", "isDeleted:":"true", "version":"1696514507928"}}
{"logTime": "1006/124427", "correlationVector":"vpzqKHBxfqemcBHn9Ac98r.188","action":"GetUpdates", "result":"DeleteReceived", "context":{"id":"c2702d36-18f2-432d-a796-e8b5f9892626", "isDeleted:":"true", "version":"1696516955152"}}
{"logTime": "1006/124427", "correlationVector":"vpzqKHBxfqemcBHn9Ac98r.189","action":"GetUpdates", "result":"DeleteReceived", "context":{"id":"cebe5b29-cf54-49bc-a686-fa0c4c1f4a20", "isDeleted:":"true", "version":"1696517281853"}}
{"logTime": "1006/124427", "correlationVector":"vpzqKHBxfqemcBHn9Ac98r.190","action":"GetUpdates", "result":"DeleteReceived", "context":{"id":"ed6bfdfd-6fb3-48fa-860c-9f0cfd9393a9", "isDeleted:":"true", "version":"1696517689352"}}
{"logTime": "1006/124427", "correlationVector":"vpzqKHBxfqemcBHn9Ac98r.191","action":"GetUpdates", "result":"DeleteReceived", "context":{"id":"5ec66a0e-9d16-401d-ba53-1d7360f574c1", "isDeleted:":"true", "version":"1696518152460"}}
{"logTime": "1006/124427", "correlationVector":"vpzqKHBxfqemcBHn9Ac98r.192","action":"GetUpdates", "result":"DeleteReceived", "context":{"id":"d7d14c39-23c2-4c37-b068-edd280d8c65f", "isDeleted:":"true", "version":"1696548888183"}}
{"logTime": "1006/124427", "correlationVector":"vpzqKHBxfqemcBHn9Ac98r.193","action":"GetUpdates", "result":"DeleteReceived", "context":{"id":"f0e7af4f-a97e-4c41-be2b-438955eb816b", "isDeleted:":"true", "version":"1696548888184"}}
{"logTime": "1006/124427", "correlationVector":"vpzqKHBxfqemcBHn9Ac98r.194","action":"GetUpdates", "result":"DeleteReceived", "context":{"id":"fe2c3956-ebe9-4d4f-9cab-a2ccb009e6dc", "isDeleted:":"true", "version":"1696548888185"}}
{"logTime": "1006/124427", "correlationVector":"vpzqKHBxfqemcBHn9Ac98r.195","action":"GetUpdates", "result":"DeleteReceived", "context":{"id":"9be7f534-1e80-444d-b122-21e023fabda4", "isDeleted:":"true", "version":"1696548888186"}}
{"logTime": "1006/124427", "correlationVector":"vpzqKHBxfqemcBHn9Ac98r.196","action":"GetUpdates", "result":"DeleteReceived", "context":{"id":"7f8a12fc-0e05-4950-acad-d26061ab3015", "isDeleted:":"true", "version":"1696548888187"}}
{"logTime": "1006/124427", "correlationVector":"vpzqKHBxfqemcBHn9Ac98r.197","action":"GetUpdates", "result":"DeleteReceived", "context":{"id":"3ed0d8e2-3601-4bd6-ac05-424bc0365fd5", "isDeleted:":"true", "version":"1696548888189"}}
{"logTime": "1006/124427", "correlationVector":"vpzqKHBxfqemcBHn9Ac98r.198","action":"GetUpdates", "result":"DeleteReceived", "context":{"id":"9d2a3464-e8b6-445f-9b8f-60bc397a9787", "isDeleted:":"true", "version":"1696548888190"}}
{"logTime": "1006/124427", "correlationVector":"vpzqKHBxfqemcBHn9Ac98r.199","action":"GetUpdates", "result":"DeleteReceived", "context":{"id":"9861219d-ba3f-499a-a622-30d03ec82c58", "isDeleted:":"true", "version":"1696550182621"}}
{"logTime": "1006/124427", "correlationVector":"vpzqKHBxfqemcBHn9Ac98r.200","action":"GetUpdates", "result":"DeleteReceived", "context":{"id":"07419d8d-aedb-444b-9819-ceae4243d163", "isDeleted:":"true", "version":"1696550182622"}}
{"logTime": "1006/124427", "correlationVector":"vpzqKHBxfqemcBHn9Ac98r.201","action":"GetUpdates", "result":"DeleteReceived", "context":{"id":"155ce4ee-a1bb-4f11-b18e-a1a862fe88dc", "isDeleted:":"true", "version":"1696550182624"}}
{"logTime": "1006/124427", "correlationVector":"vpzqKHBxfqemcBHn9Ac98r.202","action":"GetUpdates", "result":"DeleteReceived", "context":{"id":"d256de41-4333-4e2e-b854-552174868636", "isDeleted:":"true", "version":"1696552116925"}}
{"logTime": "1006/124427", "correlationVector":"vpzqKHBxfqemcBHn9Ac98r.203","action":"GetUpdates", "result":"DeleteReceived", "context":{"id":"c71af2f2-38d9-41da-8630-9c8582ef6dad", "isDeleted:":"true", "version":"1696553048237"}}
{"logTime": "1006/124427", "correlationVector":"vpzqKHBxfqemcBHn9Ac98r.204","action":"GetUpdates", "result":"DeleteReceived", "context":{"id":"e71156a6-6e2f-4211-8cce-7093564b9479", "isDeleted:":"true", "version":"1696553048238"}}
{"logTime": "1006/124427", "correlationVector":"vpzqKHBxfqemcBHn9Ac98r.205","action":"GetUpdates", "result":"DeleteReceived", "context":{"id":"60552cea-e056-4d92-934b-d92f09ace8d2", "isDeleted:":"true", "version":"1696555922962"}}
{"logTime": "1006/124427", "correlationVector":"vpzqKHBxfqemcBHn9Ac98r.206","action":"GetUpdates", "result":"DeleteReceived", "context":{"id":"da816cdf-b238-47b6-897c-b00a32f77a69", "isDeleted:":"true", "version":"1696555922964"}}
{"logTime": "1006/124427", "correlationVector":"vpzqKHBxfqemcBHn9Ac98r.207","action":"GetUpdates", "result":"DeleteReceived", "context":{"id":"e761d061-3cc5-418b-8f56-812d2f9e2f3d", "isDeleted:":"true", "version":"1696555986238"}}
{"logTime": "1006/124427", "correlationVector":"vpzqKHBxfqemcBHn9Ac98r.208","action":"GetUpdates", "result":"DeleteReceived", "context":{"id":"1a4b823c-05a1-4a23-b104-2ae59832447b", "isDeleted:":"true", "version":"1696556089840"}}
{"logTime": "1006/124427", "correlationVector":"vpzqKHBxfqemcBHn9Ac98r.209","action":"GetUpdates", "result":"DeleteReceived", "context":{"id":"685ed675-117a-42e2-b57d-8bb12d0965cc", "isDeleted:":"true", "version":"1696556089841"}}
{"logTime": "1006/124427", "correlationVector":"vpzqKHBxfqemcBHn9Ac98r.210","action":"GetUpdates", "result":"DeleteReceived", "context":{"id":"8c33da2e-7ba6-4768-8749-e7f07d27ad8f", "isDeleted:":"true", "version":"1696559229790"}}
{"logTime": "1006/124427", "correlationVector":"vpzqKHBxfqemcBHn9Ac98r.211","action":"GetUpdates", "result":"DeleteReceived", "context":{"id":"47819020-1691-4e29-b925-6374f0ab19f4", "isDeleted:":"true", "version":"1696559264312"}}
{"logTime": "1006/124427", "correlationVector":"vpzqKHBxfqemcBHn9Ac98r.212","action":"GetUpdates", "result":"DeleteReceived", "context":{"id":"f3bc4f95-a099-4bc9-b405-92e71e2b6925", "isDeleted:":"true", "version":"1696559264313"}}
{"logTime": "1006/124427", "correlationVector":"vpzqKHBxfqemcBHn9Ac98r.213","action":"GetUpdates", "result":"DeleteReceived", "context":{"id":"9500efad-98ea-467a-a4b4-758232608010", "isDeleted:":"true", "version":"1696559264314"}}
{"logTime": "1006/124427", "correlationVector":"vpzqKHBxfqemcBHn9Ac98r.214","action":"GetUpdates", "result":"DeleteReceived", "context":{"id":"2531e784-201f-45ba-99e9-b3bc5ea0c0d8", "isDeleted:":"true", "version":"1696559264315"}}
{"logTime": "1006/124427", "correlationVector":"vpzqKHBxfqemcBHn9Ac98r.215","action":"GetUpdates", "result":"DeleteReceived", "context":{"id":"4d4aa0a1-9f46-43eb-9ee9-da31d3b6bcec", "isDeleted:":"true", "version":"1696559264316"}}
{"logTime": "1006/124427", "correlationVector":"vpzqKHBxfqemcBHn9Ac98r.216","action":"GetUpdates", "result":"DeleteReceived", "context":{"id":"cf2e1184-241e-45c0-8b79-4f4b77f2de9e", "isDeleted:":"true", "version":"1696559264317"}}
{"logTime": "1006/124427", "correlationVector":"vpzqKHBxfqemcBHn9Ac98r.217","action":"GetUpdates", "result":"DeleteReceived", "context":{"id":"03ea9806-74ae-4da4-acc6-f2fde6a07109", "isDeleted:":"true", "version":"1696561056487"}}
{"logTime": "1006/124427", "correlationVector":"vpzqKHBxfqemcBHn9Ac98r.218","action":"GetUpdates", "result":"DeleteReceived", "context":{"id":"4c1be1bb-18ca-4112-b6fb-b7d6cbaf519f", "isDeleted:":"true", "version":"1696564949566"}}
{"logTime": "1006/124427", "correlationVector":"vpzqKHBxfqemcBHn9Ac98r.219","action":"GetUpdates", "result":"DeleteReceived", "context":{"id":"78004a70-94fd-41e5-b49f-4a763ce016cc", "isDeleted:":"true", "version":"1696568876692"}}
{"logTime": "1006/124427", "correlationVector":"vpzqKHBxfqemcBHn9Ac98r.220","action":"GetUpdates", "result":"DeleteReceived", "context":{"id":"05c26821-ba39-4d4f-8fea-62781b3fe5ec", "isDeleted:":"true", "version":"1696569079685"}}
{"logTime": "1006/124427", "correlationVector":"vpzqKHBxfqemcBHn9Ac98r.221","action":"GetUpdates", "result":"DeleteReceived", "context":{"id":"f8fcc5fa-bb0e-4f13-8c52-7e067832c9b4", "isDeleted:":"true", "version":"1696569256981"}}
{"logTime": "1006/124427", "correlationVector":"vpzqKHBxfqemcBHn9Ac98r.222","action":"GetUpdates", "result":"DeleteReceived", "context":{"id":"4115f5d6-9adb-490d-a991-9750b0404b4c", "isDeleted:":"true", "version":"1696570192760"}}
{"logTime": "1006/124427", "correlationVector":"vpzqKHBxfqemcBHn9Ac98r.223","action":"GetUpdates", "result":"DeleteReceived", "context":{"id":"68b5edcd-6512-4efc-8f77-cad8d7b8bf13", "isDeleted:":"true", "version":"1696574029257"}}
{"logTime": "1006/124427", "correlationVector":"vpzqKHBxfqemcBHn9Ac98r.224","action":"GetUpdates", "result":"DeleteReceived", "context":{"id":"5bafbf42-221f-4ad4-b973-3807bf42a564", "isDeleted:":"true", "version":"1696574548098"}}
{"logTime": "1006/124427", "correlationVector":"vpzqKHBxfqemcBHn9Ac98r.225","action":"GetUpdates", "result":"DeleteReceived", "context":{"id":"061204d8-1598-4591-8857-f25922d9bafe", "isDeleted:":"true", "version":"1696588125094"}}
{"logTime": "1006/124427", "correlationVector":"vpzqKHBxfqemcBHn9Ac98r.226","action":"GetUpdates", "result":"DeleteReceived", "context":{"id":"5598fef2-c6b6-4985-9a28-6dc991e4f1d7", "isDeleted:":"true", "version":"1696592669354"}}
{"logTime": "1006/124427", "correlationVector":"vpzqKHBxfqemcBHn9Ac98r.227","action":"GetUpdates Response", "result":"SERVER_MORE_TO_DOWNLOAD", "context":Received 250 update(s).  Some updates remain.}
{"logTime": "1006/124427", "correlationVector":"diLIKL6vu3/+8RhYl7gWAp","action":"Initial GetUpdates", "result":"", "context":Reason: PROGRAMMATIC. cV=diLIKL6vu3/+8RhYl7gWAp}
{"logTime": "1006/124430", "correlationVector":"diLIKL6vu3/+8RhYl7gWAp.1","action":"SyncServerConnectionManagerRequest", "result":"SYNC_SERVER_OK", "context":{"environment":"Prod_EastAsia_000d", "migrationStage":"NotStarted", "server":"GENERAL0100000A"}}
{"logTime": "1006/124430", "correlationVector":"diLIKL6vu3/+8RhYl7gWAp.2","action":"GetUpdates", "result":"DeleteReceived", "context":{"id":"de37924c-470a-40b9-b170-a2e3cdf59191", "isDeleted:":"true", "version":"1696592669356"}}
{"logTime": "1006/124430", "correlationVector":"diLIKL6vu3/+8RhYl7gWAp.3","action":"GetUpdates", "result":"DeleteReceived", "context":{"id":"5df38b44-13b1-4916-82a0-71ce8aa7eb08", "isDeleted:":"true", "version":"1696594812095"}}
{"logTime": "1006/124430", "correlationVector":"diLIKL6vu3/+8RhYl7gWAp.4","action":"GetUpdates Response", "result":"SYNCER_OK", "context":Received 7 update(s). cV=diLIKL6vu3/+8RhYl7gWAp.0;server=GENERAL0100000A;cloudType=Consumer;environment=Prod_EastAsia_000d;migrationStage=NotStarted}
{"logTime": "1006/124430", "correlationVector":"hOy5LU21GJt7lc/vdGWT4g","action":"Normal GetUpdate request", "result":"", "context":cV=hOy5LU21GJt7lc/vdGWT4g
Nudged types: Bookmarks, Sessions, Device Info, User Consents
Refresh requested types: Bookmarks, Preferences, Passwords, Autofill Profiles, Autofill, Autofill Custom Data, Typed URLs, Extensions, Sessions, Extension settings, History Delete Directives, Device Info, User Consents, Send Tab To Self, Web Apps, Collection, Edge E Drop, Edge Hub App Usage, Edge Wallet, Encryption Keys}
{"logTime": "1006/124436", "correlationVector":"hOy5LU21GJt7lc/vdGWT4g.1","action":"SyncServerConnectionManagerRequest", "result":"SYNC_SERVER_OK", "context":{"environment":"Prod_EastAsia_000d", "migrationStage":"NotStarted", "server":"GENERAL01000021"}}
{"logTime": "1006/124436", "correlationVector":"hOy5LU21GJt7lc/vdGWT4g.2","action":"GetUpdates Response", "result":"SYNCER_OK", "context":Received 0 update(s). cV=hOy5LU21GJt7lc/vdGWT4g.0;server=GENERAL01000021;cloudType=Consumer;environment=Prod_EastAsia_000d;migrationStage=NotStarted}
{"logTime": "1006/124436", "correlationVector":"iPTiiIy3wwcGpSNyeDupDx","action":"Commit Request", "result":"", "context":Item count: 1
Contributing types: Device Info}
{"logTime": "1006/124437", "correlationVector":"iPTiiIy3wwcGpSNyeDupDx.1","action":"SyncServerConnectionManagerRequest", "result":"SYNC_SERVER_OK", "context":{"environment":"Prod_EastAsia_000d", "migrationStage":"NotStarted", "server":"GENERAL0100000H"}}
{"logTime": "1006/124437", "correlationVector":"iPTiiIy3wwcGpSNyeDupDx.2","action":"Commit Response", "result":"SYNCER_OK", "context":Result: SYNCER_OK. cV=iPTiiIy3wwcGpSNyeDupDx.0;server=GENERAL0100000H;cloudType=Consumer;environment=Prod_EastAsia_000d;migrationStage=NotStarted}
{"logTime": "1006/124437", "correlationVector":"yzYBtwd7gLEF1RtsgPmxIW","action":"Commit Request", "result":"", "context":Item count: 16
Contributing types: Bookmarks, Typed URLs, Sessions, User Consents}
{"logTime": "1006/124443", "correlationVector":"yzYBtwd7gLEF1RtsgPmxIW.1","action":"SyncServerConnectionManagerRequest", "result":"SYNC_SERVER_OK", "context":{"environment":"Prod_EastAsia_000d", "migrationStage":"NotStarted", "server":"GENERAL0100001U"}}
{"logTime": "1006/124443", "correlationVector":"yzYBtwd7gLEF1RtsgPmxIW.2","action":"Commit Response", "result":"SYNCER_OK", "context":Result: SYNCER_OK. cV=yzYBtwd7gLEF1RtsgPmxIW.0;server=GENERAL0100001U;cloudType=Consumer;environment=Prod_EastAsia_000d;migrationStage=NotStarted}
{"logTime": "1006/124443", "correlationVector":"V2vgzoHHHrU7xKNCUOB5N6","action":"Commit Request", "result":"", "context":Item count: 1
Contributing types: Sessions}
{"logTime": "1006/124444", "correlationVector":"V2vgzoHHHrU7xKNCUOB5N6.1","action":"SyncServerConnectionManagerRequest", "result":"SYNC_SERVER_OK", "context":{"environment":"Prod_EastAsia_000d", "migrationStage":"NotStarted", "server":"GENERAL0100001D"}}
{"logTime": "1006/124444", "correlationVector":"V2vgzoHHHrU7xKNCUOB5N6.2","action":"Commit Response", "result":"SYNCER_OK", "context":Result: SYNCER_OK. cV=V2vgzoHHHrU7xKNCUOB5N6.0;server=GENERAL0100001D;cloudType=Consumer;environment=Prod_EastAsia_000d;migrationStage=NotStarted}
{"logTime": "1006/124932", "correlationVector":"GPPy6x5OuUquu5G0FRNlH9.0","action":"FeedSettingFetch_homeCloud", "result":"0", "context":{}}
{"logTime": "1006/124932", "correlationVector":"amlDgiSxWj5+d6lP6rKoD4.1","action":"SyncServerConnectionManagerRequest", "result":"SYNC_SERVER_OK", "context":{"environment":"Prod_EastAsia_000d", "migrationStage":"NotStarted", "server":"GENERAL0100002B"}}
{"logTime": "1006/124932", "correlationVector":"amlDgiSxWj5+d6lP6rKoD4","action":"Initial GetUpdates", "result":"", "context":Reason: NEW_CLIENT. cV=amlDgiSxWj5+d6lP6rKoD4}
{"logTime": "1006/124932", "correlationVector":"amlDgiSxWj5+d6lP6rKoD4.2","action":"GetUpdates Response", "result":"SYNCER_OK", "context":Received 1 update(s). cV=amlDgiSxWj5+d6lP6rKoD4.0;server=GENERAL0100002B;cloudType=Consumer;environment=Prod_EastAsia_000d;migrationStage=NotStarted}
{"logTime": "1006/124932", "correlationVector":"4+Sl2YtDrh/anizAdofaZO","action":"Initial GetUpdates", "result":"", "context":Reason: NEWLY_SUPPORTED_DATATYPE. cV=4+Sl2YtDrh/anizAdofaZO}
{"logTime": "1006/124932", "correlationVector":"4+Sl2YtDrh/anizAdofaZO.1","action":"SyncServerConnectionManagerRequest", "result":"SYNC_SERVER_OK", "context":{"environment":"Prod_EastAsia_000d", "migrationStage":"NotStarted", "server":"GENERAL01000004"}}
{"logTime": "1006/124932", "correlationVector":"4+Sl2YtDrh/anizAdofaZO.2","action":"GetUpdates", "result":"DeleteReceived", "context":{"id":"dc762c99-2fb0-4a99-b65c-1218537c86b2", "isDeleted:":"true", "version":"1682399667022"}}
{"logTime": "1006/124932", "correlationVector":"4+Sl2YtDrh/anizAdofaZO.3","action":"GetUpdates", "result":"DeleteReceived", "context":{"id":"eb0c0a1f-e921-4a9b-a8bc-3e6f7962ec8a", "isDeleted:":"true", "version":"1682399691256"}}
{"logTime": "1006/124932", "correlationVector":"4+Sl2YtDrh/anizAdofaZO.4","action":"GetUpdates", "result":"DeleteReceived", "context":{"id":"f819db64-9d2b-4011-b7a0-81b5a08b6e00", "isDeleted:":"true", "version":"1684375517032"}}
{"logTime": "1006/124932", "correlationVector":"4+Sl2YtDrh/anizAdofaZO.5","action":"GetUpdates Response", "result":"SYNCER_OK", "context":Received 181 update(s). cV=4+Sl2YtDrh/anizAdofaZO.0;server=GENERAL01000004;cloudType=Consumer;environment=Prod_EastAsia_000d;migrationStage=NotStarted}
{"logTime": "1006/124932", "correlationVector":"PN2xhI4L9dY/pO0FeVGk9Z","action":"SyncServerConnectionManagerRequest", "result":"SYNC_SERVER_OK", "context":{"environment":"", "migrationStage":"", "server":""}}
{"logTime": "1006/124932", "correlationVector":"SRJF8m1HNg1pJFlnASYcOu","action":"Normal GetUpdate request", "result":"", "context":cV=SRJF8m1HNg1pJFlnASYcOu
Nudged types: Typed URLs, Sessions, User Consents
Refresh requested types: Bookmarks, Preferences, Passwords, Autofill, Autofill Custom Data, Typed URLs, Extensions, Sessions, Extension settings, History Delete Directives, Device Info, User Consents, Send Tab To Self, Web Apps, Collection, Edge E Drop, Edge Hub App Usage, Edge Wallet, Encryption Keys}
{"logTime": "1006/124932", "correlationVector":"SRJF8m1HNg1pJFlnASYcOu.1","action":"SyncServerConnectionManagerRequest", "result":"SYNC_SERVER_OK", "context":{"environment":"Prod_EastAsia_000d", "migrationStage":"NotStarted", "server":"GENERAL0100001B"}}
{"logTime": "1006/124932", "correlationVector":"SRJF8m1HNg1pJFlnASYcOu.2","action":"GetUpdates Response", "result":"SYNCER_OK", "context":Received 18 update(s). cV=SRJF8m1HNg1pJFlnASYcOu.0;server=GENERAL0100001B;cloudType=Consumer;environment=Prod_EastAsia_000d;migrationStage=NotStarted}
{"logTime": "1006/124932", "correlationVector":"EDa8zUAa6kLLgwn0HW7rtv","action":"Commit Request", "result":"", "context":Item count: 4
Contributing types: Sessions, User Consents}
{"logTime": "1006/124932", "correlationVector":"EDa8zUAa6kLLgwn0HW7rtv.1","action":"SyncServerConnectionManagerRequest", "result":"SYNC_SERVER_OK", "context":{"environment":"Prod_EastAsia_000d", "migrationStage":"NotStarted", "server":"GENERAL01000022"}}
{"logTime": "1006/124932", "correlationVector":"EDa8zUAa6kLLgwn0HW7rtv.3","action":"Commit.Sessions", "result":"Success", "context":{"id":"eaeeec49-b8ae-4f58-ad5e-bb92c242dbfe", "isDeleted":"true", "size":"0", "version":"1696596283893"}}
{"logTime": "1006/124932", "correlationVector":"EDa8zUAa6kLLgwn0HW7rtv.2","action":"Commit Response", "result":"SYNCER_OK", "context":Result: SYNCER_OK. cV=EDa8zUAa6kLLgwn0HW7rtv.0;server=GENERAL01000022;cloudType=Consumer;environment=Prod_EastAsia_000d;migrationStage=NotStarted}
{"logTime": "1006/124932", "correlationVector":"5wqrmjnQdxSLpsbR3kzQsf","action":"Normal GetUpdate request", "result":"", "context":cV=5wqrmjnQdxSLpsbR3kzQsf
Nudged types: Sessions
Refresh requested types: Bookmarks, Preferences, Passwords, Autofill, Autofill Custom Data, Typed URLs, Extensions, Sessions, Extension settings, History Delete Directives, Device Info, User Consents, Send Tab To Self, Web Apps, Collection, Edge E Drop, Edge Hub App Usage, Edge Wallet, Encryption Keys}
{"logTime": "1006/124932", "correlationVector":"5wqrmjnQdxSLpsbR3kzQsf.1","action":"SyncServerConnectionManagerRequest", "result":"SYNC_SERVER_OK", "context":{"environment":"Prod_EastAsia_000d", "migrationStage":"NotStarted", "server":"GENERAL01000023"}}
{"logTime": "1006/124932", "correlationVector":"5wqrmjnQdxSLpsbR3kzQsf.2","action":"GetUpdates", "result":"DeleteReceived", "context":{"id":"eaeeec49-b8ae-4f58-ad5e-bb92c242dbfe", "isDeleted:":"true", "version":"1696596521115"}}
{"logTime": "1006/124932", "correlationVector":"5wqrmjnQdxSLpsbR3kzQsf.3","action":"GetUpdates Response", "result":"SYNCER_OK", "context":Received 3 update(s). cV=5wqrmjnQdxSLpsbR3kzQsf.0;server=GENERAL01000023;cloudType=Consumer;environment=Prod_EastAsia_000d;migrationStage=NotStarted}
{"logTime": "1006/124944", "correlationVector":"Q+2rtAj8atZ8ayRuYMZGvk","action":"Normal GetUpdate request", "result":"", "context":cV=Q+2rtAj8atZ8ayRuYMZGvk
Nudged types: Sessions}
{"logTime": "1006/124946", "correlationVector":"Q+2rtAj8atZ8ayRuYMZGvk.1","action":"SyncServerConnectionManagerRequest", "result":"SYNC_SERVER_OK", "context":{"environment":"Prod_EastAsia_000d", "migrationStage":"NotStarted", "server":"GENERAL0100001T"}}
{"logTime": "1006/124946", "correlationVector":"Q+2rtAj8atZ8ayRuYMZGvk.2","action":"GetUpdates Response", "result":"SYNCER_OK", "context":Received 4 update(s). cV=Q+2rtAj8atZ8ayRuYMZGvk.0;server=GENERAL0100001T;cloudType=Consumer;environment=Prod_EastAsia_000d;migrationStage=NotStarted}
{"logTime": "1006/124946", "correlationVector":"pgi4Fj6CS6l4ylD2XZNJoS","action":"Commit Request", "result":"", "context":Item count: 1
Contributing types: Sessions}
{"logTime": "1006/124946", "correlationVector":"pgi4Fj6CS6l4ylD2XZNJoS.1","action":"SyncServerConnectionManagerRequest", "result":"SYNC_SERVER_OK", "context":{"environment":"Prod_EastAsia_000d", "migrationStage":"NotStarted", "server":"GENERAL01000018"}}
{"logTime": "1006/124946", "correlationVector":"pgi4Fj6CS6l4ylD2XZNJoS.2","action":"Commit Response", "result":"SYNCER_OK", "context":Result: SYNCER_OK. cV=pgi4Fj6CS6l4ylD2XZNJoS.0;server=GENERAL01000018;cloudType=Consumer;environment=Prod_EastAsia_000d;migrationStage=NotStarted}
{"logTime": "1006/130147", "correlationVector":"5/wCGKfHnC4bJRDZCQPO9E.0","action":"FeedSettingFetch_homeCloud", "result":"0", "context":{}}
{"logTime": "1006/130147", "correlationVector":"KJAfBhd9XMkIQh/NcVwG4Y.1","action":"SyncServerConnectionManagerRequest", "result":"SYNC_SERVER_OK", "context":{"environment":"Prod_EastAsia_000d", "migrationStage":"NotStarted", "server":"GENERAL0100000E"}}
{"logTime": "1006/130147", "correlationVector":"KJAfBhd9XMkIQh/NcVwG4Y","action":"Initial GetUpdates", "result":"", "context":Reason: NEW_CLIENT. cV=KJAfBhd9XMkIQh/NcVwG4Y}
{"logTime": "1006/130147", "correlationVector":"KJAfBhd9XMkIQh/NcVwG4Y.2","action":"GetUpdates Response", "result":"SYNCER_OK", "context":Received 1 update(s). cV=KJAfBhd9XMkIQh/NcVwG4Y.0;server=GENERAL0100000E;cloudType=Consumer;environment=Prod_EastAsia_000d;migrationStage=NotStarted}
{"logTime": "1006/130147", "correlationVector":"KgYf9pwISg1N6yf9CwY+fI","action":"Initial GetUpdates", "result":"", "context":Reason: NEWLY_SUPPORTED_DATATYPE. cV=KgYf9pwISg1N6yf9CwY+fI}
{"logTime": "1006/130147", "correlationVector":"KgYf9pwISg1N6yf9CwY+fI.1","action":"SyncServerConnectionManagerRequest", "result":"SYNC_SERVER_OK", "context":{"environment":"Prod_EastAsia_000d", "migrationStage":"NotStarted", "server":"GENERAL0100000A"}}
{"logTime": "1006/130147", "correlationVector":"KgYf9pwISg1N6yf9CwY+fI.2","action":"GetUpdates", "result":"DeleteReceived", "context":{"id":"dc762c99-2fb0-4a99-b65c-1218537c86b2", "isDeleted:":"true", "version":"1682399667022"}}
{"logTime": "1006/130147", "correlationVector":"KgYf9pwISg1N6yf9CwY+fI.3","action":"GetUpdates", "result":"DeleteReceived", "context":{"id":"eb0c0a1f-e921-4a9b-a8bc-3e6f7962ec8a", "isDeleted:":"true", "version":"1682399691256"}}
{"logTime": "1006/130147", "correlationVector":"KgYf9pwISg1N6yf9CwY+fI.4","action":"GetUpdates", "result":"DeleteReceived", "context":{"id":"f819db64-9d2b-4011-b7a0-81b5a08b6e00", "isDeleted:":"true", "version":"1684375517032"}}
{"logTime": "1006/130147", "correlationVector":"KgYf9pwISg1N6yf9CwY+fI.5","action":"GetUpdates Response", "result":"SYNCER_OK", "context":Received 32 update(s). cV=KgYf9pwISg1N6yf9CwY+fI.0;server=GENERAL0100000A;cloudType=Consumer;environment=Prod_EastAsia_000d;migrationStage=NotStarted}
{"logTime": "1006/130147", "correlationVector":"CNTr4CDuWAD2hobtlhRMfh","action":"Normal GetUpdate request", "result":"", "context":cV=CNTr4CDuWAD2hobtlhRMfh
Nudged types: Sessions, User Consents
Refresh requested types: Bookmarks, Preferences, Passwords, Autofill, Autofill Custom Data, Typed URLs, Extensions, Sessions, Extension settings, History Delete Directives, Device Info, User Consents, Send Tab To Self, Web Apps, Collection, Edge E Drop, Edge Hub App Usage, Edge Wallet, Encryption Keys}
{"logTime": "1006/130147", "correlationVector":"CNTr4CDuWAD2hobtlhRMfh.1","action":"SyncServerConnectionManagerRequest", "result":"SYNC_SERVER_OK", "context":{"environment":"Prod_EastAsia_000d", "migrationStage":"NotStarted", "server":"GENERAL01000029"}}
{"logTime": "1006/130147", "correlationVector":"CNTr4CDuWAD2hobtlhRMfh.2","action":"GetUpdates Response", "result":"SYNCER_OK", "context":Received 7 update(s). cV=CNTr4CDuWAD2hobtlhRMfh.0;server=GENERAL01000029;cloudType=Consumer;environment=Prod_EastAsia_000d;migrationStage=NotStarted}
{"logTime": "1006/130147", "correlationVector":"Pzb5aM6rNb63XGrT0vyTX+","action":"Commit Request", "result":"", "context":Item count: 4
Contributing types: Sessions, User Consents}
{"logTime": "1006/130147", "correlationVector":"Pzb5aM6rNb63XGrT0vyTX+.1","action":"SyncServerConnectionManagerRequest", "result":"SYNC_SERVER_OK", "context":{"environment":"Prod_EastAsia_000d", "migrationStage":"NotStarted", "server":"GENERAL0100001G"}}
{"logTime": "1006/130147", "correlationVector":"Pzb5aM6rNb63XGrT0vyTX+.2","action":"Commit Response", "result":"SYNCER_OK", "context":Result: SYNCER_OK. cV=Pzb5aM6rNb63XGrT0vyTX+.0;server=GENERAL0100001G;cloudType=Consumer;environment=Prod_EastAsia_000d;migrationStage=NotStarted}
{"logTime": "1006/130147", "correlationVector":"Pzb5aM6rNb63XGrT0vyTX+.3","action":"Commit.Sessions", "result":"Success", "context":{"id":"f364c5e5-f1ef-432c-b925-9fd6bb9be894", "isDeleted":"true", "size":"0", "version":"1696596586278"}}
{"logTime": "1006/130206", "correlationVector":"+3T1Fn05da//RTGOqCQHoz","action":"SyncServerConnectionManagerRequest", "result":"SYNC_SERVER_OK", "context":{"environment":"", "migrationStage":"", "server":""}}
{"logTime": "1006/130206", "correlationVector":"EjjFn2X2PfE6ZIanVGMrnz","action":"Normal GetUpdate request", "result":"", "context":cV=EjjFn2X2PfE6ZIanVGMrnz
Nudged types: Sessions
Notified types: Typed URLs}
{"logTime": "1006/130207", "correlationVector":"EjjFn2X2PfE6ZIanVGMrnz.1","action":"SyncServerConnectionManagerRequest", "result":"SYNC_SERVER_OK", "context":{"environment":"Prod_EastAsia_000d", "migrationStage":"NotStarted", "server":"GENERAL01000022"}}
{"logTime": "1006/130207", "correlationVector":"EjjFn2X2PfE6ZIanVGMrnz.2","action":"GetUpdates", "result":"DeleteReceived", "context":{"id":"f364c5e5-f1ef-432c-b925-9fd6bb9be894", "isDeleted:":"true", "version":"1696597304295"}}
{"logTime": "1006/130207", "correlationVector":"EjjFn2X2PfE6ZIanVGMrnz.3","action":"GetUpdates Response", "result":"SYNCER_OK", "context":Received 3 update(s). cV=EjjFn2X2PfE6ZIanVGMrnz.0;server=GENERAL01000022;cloudType=Consumer;environment=Prod_EastAsia_000d;migrationStage=NotStarted}
{"logTime": "1006/130207", "correlationVector":"hk0/YjeIS8P5a0hdN9Xc17","action":"Normal GetUpdate request", "result":"", "context":cV=hk0/YjeIS8P5a0hdN9Xc17
Refresh requested types: Bookmarks, Preferences, Passwords, Autofill, Autofill Custom Data, Typed URLs, Extensions, Sessions, Extension settings, History Delete Directives, Device Info, User Consents, Send Tab To Self, Web Apps, Collection, Edge E Drop, Edge Hub App Usage, Edge Wallet, Encryption Keys}
{"logTime": "1006/130208", "correlationVector":"hk0/YjeIS8P5a0hdN9Xc17.1","action":"SyncServerConnectionManagerRequest", "result":"SYNC_SERVER_OK", "context":{"environment":"Prod_EastAsia_000d", "migrationStage":"NotStarted", "server":"GENERAL0100000U"}}
{"logTime": "1006/130208", "correlationVector":"hk0/YjeIS8P5a0hdN9Xc17.2","action":"GetUpdates Response", "result":"SYNCER_OK", "context":Received 0 update(s). cV=hk0/YjeIS8P5a0hdN9Xc17.0;server=GENERAL0100000U;cloudType=Consumer;environment=Prod_EastAsia_000d;migrationStage=NotStarted}
{"logTime": "1006/130304", "correlationVector":"3ifGss7CoGsUjroCwGbCQS.0","action":"FeedSettingFetch_homeCloud", "result":"0", "context":{}}
{"logTime": "1006/130304", "correlationVector":"FtsFyacS8mhk2aRqWmQLQF.1","action":"SyncServerConnectionManagerRequest", "result":"SYNC_SERVER_OK", "context":{"environment":"Prod_EastAsia_000d", "migrationStage":"NotStarted", "server":"GENERAL0100000A"}}
{"logTime": "1006/130304", "correlationVector":"FtsFyacS8mhk2aRqWmQLQF","action":"Initial GetUpdates", "result":"", "context":Reason: NEW_CLIENT. cV=FtsFyacS8mhk2aRqWmQLQF}
{"logTime": "1006/130304", "correlationVector":"FtsFyacS8mhk2aRqWmQLQF.2","action":"GetUpdates Response", "result":"SYNCER_OK", "context":Received 1 update(s). cV=FtsFyacS8mhk2aRqWmQLQF.0;server=GENERAL0100000A;cloudType=Consumer;environment=Prod_EastAsia_000d;migrationStage=NotStarted}
{"logTime": "1006/130309", "correlationVector":"+ED5Wqf9XPXY4LWdTMNoYN","action":"SyncServerConnectionManagerRequest", "result":"SYNC_SERVER_OK", "context":{"environment":"", "migrationStage":"", "server":""}}
{"logTime": "1006/130309", "correlationVector":"EudN7KPBhRhReFvhY7Xs+p","action":"Initial GetUpdates", "result":"", "context":Reason: NEWLY_SUPPORTED_DATATYPE. cV=EudN7KPBhRhReFvhY7Xs+p}
{"logTime": "1006/130309", "correlationVector":"EudN7KPBhRhReFvhY7Xs+p.1","action":"SyncServerConnectionManagerRequest", "result":"SYNC_SERVER_OK", "context":{"environment":"Prod_EastAsia_000d", "migrationStage":"NotStarted", "server":"GENERAL0100000E"}}
{"logTime": "1006/130309", "correlationVector":"EudN7KPBhRhReFvhY7Xs+p.2","action":"GetUpdates", "result":"DeleteReceived", "context":{"id":"dc762c99-2fb0-4a99-b65c-1218537c86b2", "isDeleted:":"true", "version":"1682399667022"}}
{"logTime": "1006/130309", "correlationVector":"EudN7KPBhRhReFvhY7Xs+p.3","action":"GetUpdates", "result":"DeleteReceived", "context":{"id":"eb0c0a1f-e921-4a9b-a8bc-3e6f7962ec8a", "isDeleted:":"true", "version":"1682399691256"}}
{"logTime": "1006/130309", "correlationVector":"EudN7KPBhRhReFvhY7Xs+p.4","action":"GetUpdates", "result":"DeleteReceived", "context":{"id":"f819db64-9d2b-4011-b7a0-81b5a08b6e00", "isDeleted:":"true", "version":"1684375517032"}}
{"logTime": "1006/130309", "correlationVector":"EudN7KPBhRhReFvhY7Xs+p.5","action":"GetUpdates Response", "result":"SYNCER_OK", "context":Received 32 update(s). cV=EudN7KPBhRhReFvhY7Xs+p.0;server=GENERAL0100000E;cloudType=Consumer;environment=Prod_EastAsia_000d;migrationStage=NotStarted}
{"logTime": "1006/130309", "correlationVector":"g4uoX2L+hjYBhJsroEd3Tc","action":"Normal GetUpdate request", "result":"", "context":cV=g4uoX2L+hjYBhJsroEd3Tc
Nudged types: Sessions, User Consents
Refresh requested types: Bookmarks, Preferences, Passwords, Autofill, Autofill Custom Data, Typed URLs, Extensions, Sessions, Extension settings, History Delete Directives, Device Info, User Consents, Send Tab To Self, Web Apps, Collection, Edge E Drop, Edge Hub App Usage, Edge Wallet, Encryption Keys}
{"logTime": "1006/130310", "correlationVector":"g4uoX2L+hjYBhJsroEd3Tc.1","action":"SyncServerConnectionManagerRequest", "result":"SYNC_SERVER_OK", "context":{"environment":"Prod_EastAsia_000d", "migrationStage":"NotStarted", "server":"GENERAL0100000L"}}
{"logTime": "1006/130310", "correlationVector":"g4uoX2L+hjYBhJsroEd3Tc.2","action":"GetUpdates", "result":"DeleteReceived", "context":{"id":"1a236ad0-256c-4252-99cf-971199598f53", "isDeleted:":"true", "version":"1696597381812"}}
{"logTime": "1006/130310", "correlationVector":"g4uoX2L+hjYBhJsroEd3Tc.3","action":"GetUpdates Response", "result":"SYNCER_OK", "context":Received 2 update(s). cV=g4uoX2L+hjYBhJsroEd3Tc.0;server=GENERAL0100000L;cloudType=Consumer;environment=Prod_EastAsia_000d;migrationStage=NotStarted}
{"logTime": "1006/130310", "correlationVector":"uZuzdP0Vo1OytmO1WScBUv","action":"Commit Request", "result":"", "context":Item count: 4
Contributing types: Sessions, User Consents}
{"logTime": "1006/130311", "correlationVector":"uZuzdP0Vo1OytmO1WScBUv.1","action":"SyncServerConnectionManagerRequest", "result":"SYNC_SERVER_OK", "context":{"environment":"Prod_EastAsia_000d", "migrationStage":"NotStarted", "server":"GENERAL01000024"}}
{"logTime": "1006/130311", "correlationVector":"uZuzdP0Vo1OytmO1WScBUv.3","action":"Commit.Sessions", "result":"Success", "context":{"id":"d38dc3af-1561-4aa9-b32e-f22a9328196a", "isDeleted":"true", "size":"0", "version":"1696597304293"}}
{"logTime": "1006/130311", "correlationVector":"uZuzdP0Vo1OytmO1WScBUv.2","action":"Commit Response", "result":"SYNCER_OK", "context":Result: SYNCER_OK. cV=uZuzdP0Vo1OytmO1WScBUv.0;server=GENERAL01000024;cloudType=Consumer;environment=Prod_EastAsia_000d;migrationStage=NotStarted}
{"logTime": "1006/130423", "correlationVector":"jJgpww1xbHi3LbPM89TzgK","action":"Commit Request", "result":"", "context":Item count: 1
Contributing types: Sessions}
{"logTime": "1006/130423", "correlationVector":"jJgpww1xbHi3LbPM89TzgK.1","action":"SyncServerConnectionManagerRequest", "result":"SYNC_SERVER_OK", "context":{"environment":"Prod_EastAsia_000d", "migrationStage":"NotStarted", "server":"GENERAL01000027"}}
{"logTime": "1006/130423", "correlationVector":"jJgpww1xbHi3LbPM89TzgK.2","action":"Commit Response", "result":"SYNCER_OK", "context":Result: SYNCER_OK. cV=jJgpww1xbHi3LbPM89TzgK.0;server=GENERAL01000027;cloudType=Consumer;environment=Prod_EastAsia_000d;migrationStage=NotStarted}
{"logTime": "1006/130840", "correlationVector":"ZTUz6TzAtadrgnJpIAWYK0.1","action":"SyncServerConnectionManagerRequest", "result":"SYNC_SERVER_OK", "context":{"environment":"Prod_EastAsia_000d", "migrationStage":"NotStarted", "server":"GENERAL01000011"}}
{"logTime": "1006/130840", "correlationVector":"ZTUz6TzAtadrgnJpIAWYK0","action":"Initial GetUpdates", "result":"", "context":Reason: NEW_CLIENT. cV=ZTUz6TzAtadrgnJpIAWYK0}
{"logTime": "1006/130840", "correlationVector":"ZTUz6TzAtadrgnJpIAWYK0.2","action":"GetUpdates Response", "result":"SYNCER_OK", "context":Received 1 update(s). cV=ZTUz6TzAtadrgnJpIAWYK0.0;server=GENERAL01000011;cloudType=Consumer;environment=Prod_EastAsia_000d;migrationStage=NotStarted}
{"logTime": "1006/130840", "correlationVector":"aIbtGfuK2br7r0Ekuimtiz.0","action":"FeedSettingFetch_homeCloud", "result":"0", "context":{}}
{"logTime": "1006/130841", "correlationVector":"ZjZ6alweP1HCwSoBArd15C","action":"SyncServerConnectionManagerRequest", "result":"SYNC_SERVER_OK", "context":{"environment":"", "migrationStage":"", "server":""}}
{"logTime": "1006/130841", "correlationVector":"vd+11ZwUC45KVmyrDK+lOK","action":"Initial GetUpdates", "result":"", "context":Reason: NEWLY_SUPPORTED_DATATYPE. cV=vd+11ZwUC45KVmyrDK+lOK}
{"logTime": "1006/130841", "correlationVector":"vd+11ZwUC45KVmyrDK+lOK.1","action":"SyncServerConnectionManagerRequest", "result":"SYNC_SERVER_OK", "context":{"environment":"Prod_EastAsia_000d", "migrationStage":"NotStarted", "server":"GENERAL01000019"}}
{"logTime": "1006/130841", "correlationVector":"vd+11ZwUC45KVmyrDK+lOK.2","action":"GetUpdates", "result":"DeleteReceived", "context":{"id":"dc762c99-2fb0-4a99-b65c-1218537c86b2", "isDeleted:":"true", "version":"1682399667022"}}
{"logTime": "1006/130841", "correlationVector":"vd+11ZwUC45KVmyrDK+lOK.3","action":"GetUpdates", "result":"DeleteReceived", "context":{"id":"eb0c0a1f-e921-4a9b-a8bc-3e6f7962ec8a", "isDeleted:":"true", "version":"1682399691256"}}
{"logTime": "1006/130841", "correlationVector":"vd+11ZwUC45KVmyrDK+lOK.4","action":"GetUpdates", "result":"DeleteReceived", "context":{"id":"f819db64-9d2b-4011-b7a0-81b5a08b6e00", "isDeleted:":"true", "version":"1684375517032"}}
{"logTime": "1006/130841", "correlationVector":"vd+11ZwUC45KVmyrDK+lOK.5","action":"GetUpdates Response", "result":"SYNCER_OK", "context":Received 32 update(s). cV=vd+11ZwUC45KVmyrDK+lOK.0;server=GENERAL01000019;cloudType=Consumer;environment=Prod_EastAsia_000d;migrationStage=NotStarted}
{"logTime": "1006/130841", "correlationVector":"0bSub4T8XNxBqtW+ctbYJt","action":"Normal GetUpdate request", "result":"", "context":cV=0bSub4T8XNxBqtW+ctbYJt
Nudged types: Sessions, User Consents
Refresh requested types: Bookmarks, Preferences, Passwords, Autofill, Autofill Custom Data, Typed URLs, Extensions, Sessions, Extension settings, History Delete Directives, Device Info, User Consents, Send Tab To Self, Web Apps, Collection, Edge E Drop, Edge Hub App Usage, Edge Wallet, Encryption Keys}
{"logTime": "1006/130841", "correlationVector":"0bSub4T8XNxBqtW+ctbYJt.1","action":"SyncServerConnectionManagerRequest", "result":"SYNC_SERVER_OK", "context":{"environment":"Prod_EastAsia_000d", "migrationStage":"NotStarted", "server":"GENERAL01000024"}}
{"logTime": "1006/130841", "correlationVector":"0bSub4T8XNxBqtW+ctbYJt.2","action":"GetUpdates", "result":"DeleteReceived", "context":{"id":"d38dc3af-1561-4aa9-b32e-f22a9328196a", "isDeleted:":"true", "version":"1696597390149"}}
{"logTime": "1006/130841", "correlationVector":"0bSub4T8XNxBqtW+ctbYJt.3","action":"GetUpdates Response", "result":"SYNCER_OK", "context":Received 3 update(s). cV=0bSub4T8XNxBqtW+ctbYJt.0;server=GENERAL01000024;cloudType=Consumer;environment=Prod_EastAsia_000d;migrationStage=NotStarted}
{"logTime": "1006/130841", "correlationVector":"DsRQhkAZdeB7ZozdWi4U4z","action":"Commit Request", "result":"", "context":Item count: 4
Contributing types: Sessions, User Consents}
{"logTime": "1006/130841", "correlationVector":"DsRQhkAZdeB7ZozdWi4U4z.1","action":"SyncServerConnectionManagerRequest", "result":"SYNC_SERVER_OK", "context":{"environment":"Prod_EastAsia_000d", "migrationStage":"NotStarted", "server":"GENERAL01000029"}}
{"logTime": "1006/130841", "correlationVector":"DsRQhkAZdeB7ZozdWi4U4z.3","action":"Commit.Sessions", "result":"Success", "context":{"id":"54bbf48c-5e29-426e-a706-394388dde052", "isDeleted":"true", "size":"0", "version":"1696597462907"}}
{"logTime": "1006/130841", "correlationVector":"DsRQhkAZdeB7ZozdWi4U4z.2","action":"Commit Response", "result":"SYNCER_OK", "context":Result: SYNCER_OK. cV=DsRQhkAZdeB7ZozdWi4U4z.0;server=GENERAL01000029;cloudType=Consumer;environment=Prod_EastAsia_000d;migrationStage=NotStarted}
{"logTime": "1006/133302", "correlationVector":"T6Svj/rK0G3Kz19ZsbXAGQ.0","action":"FeedSettingFetch_homeCloud", "result":"0", "context":{}}
{"logTime": "1006/133302", "correlationVector":"Q2wJcDbY+y1GQf+EgHjq31.1","action":"SyncServerConnectionManagerRequest", "result":"SYNC_SERVER_OK", "context":{"environment":"Prod_EastAsia_000d", "migrationStage":"NotStarted", "server":"GENERAL01000022"}}
{"logTime": "1006/133302", "correlationVector":"Q2wJcDbY+y1GQf+EgHjq31","action":"Initial GetUpdates", "result":"", "context":Reason: NEW_CLIENT. cV=Q2wJcDbY+y1GQf+EgHjq31}
{"logTime": "1006/133302", "correlationVector":"Q2wJcDbY+y1GQf+EgHjq31.2","action":"GetUpdates Response", "result":"SYNCER_OK", "context":Received 1 update(s). cV=Q2wJcDbY+y1GQf+EgHjq31.0;server=GENERAL01000022;cloudType=Consumer;environment=Prod_EastAsia_000d;migrationStage=NotStarted}
{"logTime": "1006/133302", "correlationVector":"UWqFjM5aTkL+oyyLUhGmtV","action":"SyncServerConnectionManagerRequest", "result":"SYNC_SERVER_OK", "context":{"environment":"", "migrationStage":"", "server":""}}
{"logTime": "1006/133302", "correlationVector":"ABGb9NnCDjYo33zpEqGnVh","action":"Initial GetUpdates", "result":"", "context":Reason: NEWLY_SUPPORTED_DATATYPE. cV=ABGb9NnCDjYo33zpEqGnVh}
{"logTime": "1006/133302", "correlationVector":"ABGb9NnCDjYo33zpEqGnVh.1","action":"SyncServerConnectionManagerRequest", "result":"SYNC_SERVER_OK", "context":{"environment":"Prod_EastAsia_000d", "migrationStage":"NotStarted", "server":"GENERAL01000004"}}
{"logTime": "1006/133302", "correlationVector":"ABGb9NnCDjYo33zpEqGnVh.2","action":"GetUpdates Response", "result":"SYNCER_OK", "context":Received 0 update(s). cV=ABGb9NnCDjYo33zpEqGnVh.0;server=GENERAL01000004;cloudType=Consumer;environment=Prod_EastAsia_000d;migrationStage=NotStarted}
{"logTime": "1006/133302", "correlationVector":"TlEctdSXUv3irBj/+Bissn","action":"Initial GetUpdates", "result":"", "context":Reason: NEWLY_SUPPORTED_DATATYPE. cV=TlEctdSXUv3irBj/+Bissn}
{"logTime": "1006/133303", "correlationVector":"TlEctdSXUv3irBj/+Bissn.1","action":"SyncServerConnectionManagerRequest", "result":"SYNC_SERVER_OK", "context":{"environment":"Prod_EastAsia_000d", "migrationStage":"NotStarted", "server":"GENERAL0100000L"}}
{"logTime": "1006/133303", "correlationVector":"TlEctdSXUv3irBj/+Bissn.2","action":"GetUpdates", "result":"DeleteReceived", "context":{"id":"dc762c99-2fb0-4a99-b65c-1218537c86b2", "isDeleted:":"true", "version":"1682399667022"}}
{"logTime": "1006/133303", "correlationVector":"TlEctdSXUv3irBj/+Bissn.3","action":"GetUpdates", "result":"DeleteReceived", "context":{"id":"eb0c0a1f-e921-4a9b-a8bc-3e6f7962ec8a", "isDeleted:":"true", "version":"1682399691256"}}
{"logTime": "1006/133303", "correlationVector":"TlEctdSXUv3irBj/+Bissn.4","action":"GetUpdates", "result":"DeleteReceived", "context":{"id":"f819db64-9d2b-4011-b7a0-81b5a08b6e00", "isDeleted:":"true", "version":"1684375517032"}}
{"logTime": "1006/133303", "correlationVector":"TlEctdSXUv3irBj/+Bissn.5","action":"GetUpdates Response", "result":"SYNCER_OK", "context":Received 32 update(s). cV=TlEctdSXUv3irBj/+Bissn.0;server=GENERAL0100000L;cloudType=Consumer;environment=Prod_EastAsia_000d;migrationStage=NotStarted}
{"logTime": "1006/133303", "correlationVector":"G5Z9TNF5fu34/g1eD53jOM","action":"Normal GetUpdate request", "result":"", "context":cV=G5Z9TNF5fu34/g1eD53jOM
Nudged types: Sessions, User Consents
Refresh requested types: Bookmarks, Preferences, Passwords, Autofill, Autofill Custom Data, Typed URLs, Extensions, Sessions, Extension settings, History Delete Directives, Device Info, User Consents, Send Tab To Self, Web Apps, Collection, Edge E Drop, Edge Hub App Usage, Edge Wallet, Encryption Keys}
{"logTime": "1006/133304", "correlationVector":"G5Z9TNF5fu34/g1eD53jOM.1","action":"SyncServerConnectionManagerRequest", "result":"SYNC_SERVER_OK", "context":{"environment":"Prod_EastAsia_000d", "migrationStage":"NotStarted", "server":"GENERAL0100001Z"}}
{"logTime": "1006/133304", "correlationVector":"G5Z9TNF5fu34/g1eD53jOM.2","action":"GetUpdates Response", "result":"SYNCER_OK", "context":Received 3 update(s). cV=G5Z9TNF5fu34/g1eD53jOM.0;server=GENERAL0100001Z;cloudType=Consumer;environment=Prod_EastAsia_000d;migrationStage=NotStarted}
{"logTime": "1006/133304", "correlationVector":"uSyxiqDbLa6ELXqEc5mR0M","action":"Commit Request", "result":"", "context":Item count: 5
Contributing types: Sessions, User Consents}
{"logTime": "1006/133306", "correlationVector":"uSyxiqDbLa6ELXqEc5mR0M.1","action":"SyncServerConnectionManagerRequest", "result":"SYNC_SERVER_OK", "context":{"environment":"Prod_EastAsia_000d", "migrationStage":"NotStarted", "server":"GENERAL0100001K"}}
{"logTime": "1006/133306", "correlationVector":"uSyxiqDbLa6ELXqEc5mR0M.2","action":"Commit Response", "result":"SYNCER_OK", "context":Result: SYNCER_OK. cV=uSyxiqDbLa6ELXqEc5mR0M.0;server=GENERAL0100001K;cloudType=Consumer;environment=Prod_EastAsia_000d;migrationStage=NotStarted}
